{"D:\\1-Univerzita\\4-Čtvrtý\\QuizApp\\frontend\\api\\api.ts": {"path":"D:\\1-Univerzita\\4-Čtvrtý\\QuizApp\\frontend\\api\\api.ts","statementMap":{"0":{"start":{"line":6,"column":15},"end":{"line":6,"column":null}},"1":{"start":{"line":135,"column":20},"end":{"line":154,"column":null}},"2":{"start":{"line":139,"column":2},"end":{"line":151,"column":null}},"3":{"start":{"line":140,"column":20},"end":{"line":140,"column":null}},"4":{"start":{"line":142,"column":4},"end":{"line":144,"column":null}},"5":{"start":{"line":143,"column":6},"end":{"line":143,"column":null}},"6":{"start":{"line":146,"column":4},"end":{"line":148,"column":null}},"7":{"start":{"line":147,"column":6},"end":{"line":147,"column":null}},"8":{"start":{"line":150,"column":4},"end":{"line":150,"column":null}},"9":{"start":{"line":153,"column":2},"end":{"line":153,"column":null}},"10":{"start":{"line":156,"column":28},"end":{"line":173,"column":null}},"11":{"start":{"line":157,"column":37},"end":{"line":157,"column":null}},"12":{"start":{"line":158,"column":2},"end":{"line":172,"column":null}},"13":{"start":{"line":170,"column":6},"end":{"line":170,"column":null}},"14":{"start":{"line":171,"column":6},"end":{"line":171,"column":null}},"15":{"start":{"line":175,"column":25},"end":{"line":192,"column":null}},"16":{"start":{"line":176,"column":37},"end":{"line":176,"column":null}},"17":{"start":{"line":177,"column":2},"end":{"line":191,"column":null}},"18":{"start":{"line":189,"column":6},"end":{"line":189,"column":null}},"19":{"start":{"line":190,"column":6},"end":{"line":190,"column":null}},"20":{"start":{"line":194,"column":27},"end":{"line":208,"column":null}},"21":{"start":{"line":197,"column":2},"end":{"line":207,"column":null}},"22":{"start":{"line":198,"column":21},"end":{"line":202,"column":null}},"23":{"start":{"line":203,"column":4},"end":{"line":203,"column":null}},"24":{"start":{"line":205,"column":4},"end":{"line":205,"column":null}},"25":{"start":{"line":206,"column":4},"end":{"line":206,"column":null}},"26":{"start":{"line":210,"column":27},"end":{"line":224,"column":null}},"27":{"start":{"line":213,"column":2},"end":{"line":223,"column":null}},"28":{"start":{"line":214,"column":21},"end":{"line":218,"column":null}},"29":{"start":{"line":219,"column":4},"end":{"line":219,"column":null}},"30":{"start":{"line":221,"column":4},"end":{"line":221,"column":null}},"31":{"start":{"line":222,"column":4},"end":{"line":222,"column":null}},"32":{"start":{"line":226,"column":28},"end":{"line":226,"column":null}},"33":{"start":{"line":228,"column":29},"end":{"line":238,"column":null}},"34":{"start":{"line":231,"column":2},"end":{"line":237,"column":null}},"35":{"start":{"line":232,"column":21},"end":{"line":232,"column":null}},"36":{"start":{"line":233,"column":4},"end":{"line":233,"column":null}},"37":{"start":{"line":235,"column":4},"end":{"line":235,"column":null}},"38":{"start":{"line":236,"column":4},"end":{"line":236,"column":null}},"39":{"start":{"line":240,"column":27},"end":{"line":248,"column":null}},"40":{"start":{"line":241,"column":2},"end":{"line":247,"column":null}},"41":{"start":{"line":242,"column":21},"end":{"line":242,"column":null}},"42":{"start":{"line":243,"column":4},"end":{"line":243,"column":null}},"43":{"start":{"line":245,"column":4},"end":{"line":245,"column":null}},"44":{"start":{"line":246,"column":4},"end":{"line":246,"column":null}},"45":{"start":{"line":252,"column":20},"end":{"line":256,"column":null}},"46":{"start":{"line":252,"column":40},"end":{"line":256,"column":null}},"47":{"start":{"line":258,"column":36},"end":{"line":273,"column":null}},"48":{"start":{"line":262,"column":2},"end":{"line":272,"column":null}},"49":{"start":{"line":263,"column":21},"end":{"line":267,"column":null}},"50":{"start":{"line":268,"column":4},"end":{"line":268,"column":null}},"51":{"start":{"line":270,"column":4},"end":{"line":270,"column":null}},"52":{"start":{"line":271,"column":4},"end":{"line":271,"column":null}},"53":{"start":{"line":275,"column":37},"end":{"line":289,"column":null}},"54":{"start":{"line":278,"column":2},"end":{"line":288,"column":null}},"55":{"start":{"line":279,"column":21},"end":{"line":283,"column":null}},"56":{"start":{"line":284,"column":4},"end":{"line":284,"column":null}},"57":{"start":{"line":286,"column":4},"end":{"line":286,"column":null}},"58":{"start":{"line":287,"column":4},"end":{"line":287,"column":null}},"59":{"start":{"line":291,"column":41},"end":{"line":304,"column":null}},"60":{"start":{"line":294,"column":2},"end":{"line":303,"column":null}},"61":{"start":{"line":295,"column":21},"end":{"line":298,"column":null}},"62":{"start":{"line":299,"column":4},"end":{"line":299,"column":null}},"63":{"start":{"line":301,"column":4},"end":{"line":301,"column":null}},"64":{"start":{"line":302,"column":4},"end":{"line":302,"column":null}},"65":{"start":{"line":306,"column":35},"end":{"line":322,"column":null}},"66":{"start":{"line":310,"column":2},"end":{"line":321,"column":null}},"67":{"start":{"line":311,"column":21},"end":{"line":314,"column":null}},"68":{"start":{"line":315,"column":4},"end":{"line":315,"column":null}},"69":{"start":{"line":317,"column":4},"end":{"line":319,"column":null}},"70":{"start":{"line":318,"column":6},"end":{"line":318,"column":null}},"71":{"start":{"line":320,"column":4},"end":{"line":320,"column":null}},"72":{"start":{"line":324,"column":37},"end":{"line":340,"column":null}},"73":{"start":{"line":329,"column":2},"end":{"line":339,"column":null}},"74":{"start":{"line":330,"column":21},"end":{"line":334,"column":null}},"75":{"start":{"line":335,"column":4},"end":{"line":335,"column":null}},"76":{"start":{"line":337,"column":4},"end":{"line":337,"column":null}},"77":{"start":{"line":338,"column":4},"end":{"line":338,"column":null}},"78":{"start":{"line":342,"column":39},"end":{"line":357,"column":null}},"79":{"start":{"line":346,"column":2},"end":{"line":356,"column":null}},"80":{"start":{"line":347,"column":21},"end":{"line":351,"column":null}},"81":{"start":{"line":352,"column":4},"end":{"line":352,"column":null}},"82":{"start":{"line":354,"column":4},"end":{"line":354,"column":null}},"83":{"start":{"line":355,"column":4},"end":{"line":355,"column":null}},"84":{"start":{"line":359,"column":40},"end":{"line":375,"column":null}},"85":{"start":{"line":364,"column":2},"end":{"line":374,"column":null}},"86":{"start":{"line":365,"column":21},"end":{"line":369,"column":null}},"87":{"start":{"line":370,"column":4},"end":{"line":370,"column":null}},"88":{"start":{"line":372,"column":4},"end":{"line":372,"column":null}},"89":{"start":{"line":373,"column":4},"end":{"line":373,"column":null}},"90":{"start":{"line":377,"column":42},"end":{"line":384,"column":null}},"91":{"start":{"line":381,"column":19},"end":{"line":381,"column":null}},"92":{"start":{"line":382,"column":15},"end":{"line":382,"column":null}},"93":{"start":{"line":383,"column":2},"end":{"line":383,"column":null}}},"fnMap":{"0":{"name":"(anonymous_0)","decl":{"start":{"line":135,"column":20},"end":{"line":135,"column":null}},"loc":{"start":{"line":138,"column":8},"end":{"line":154,"column":null}},"line":138},"1":{"name":"(anonymous_1)","decl":{"start":{"line":156,"column":28},"end":{"line":156,"column":35}},"loc":{"start":{"line":156,"column":67},"end":{"line":173,"column":null}},"line":156},"2":{"name":"(anonymous_2)","decl":{"start":{"line":169,"column":11},"end":{"line":169,"column":12}},"loc":{"start":{"line":169,"column":31},"end":{"line":172,"column":5}},"line":169},"3":{"name":"(anonymous_3)","decl":{"start":{"line":175,"column":25},"end":{"line":175,"column":32}},"loc":{"start":{"line":175,"column":61},"end":{"line":192,"column":null}},"line":175},"4":{"name":"(anonymous_4)","decl":{"start":{"line":188,"column":11},"end":{"line":188,"column":12}},"loc":{"start":{"line":188,"column":31},"end":{"line":191,"column":5}},"line":188},"5":{"name":"(anonymous_5)","decl":{"start":{"line":194,"column":27},"end":{"line":194,"column":null}},"loc":{"start":{"line":196,"column":39},"end":{"line":208,"column":null}},"line":196},"6":{"name":"(anonymous_6)","decl":{"start":{"line":210,"column":27},"end":{"line":210,"column":null}},"loc":{"start":{"line":212,"column":39},"end":{"line":224,"column":null}},"line":212},"7":{"name":"(anonymous_7)","decl":{"start":{"line":228,"column":29},"end":{"line":228,"column":null}},"loc":{"start":{"line":230,"column":44},"end":{"line":238,"column":null}},"line":230},"8":{"name":"(anonymous_8)","decl":{"start":{"line":240,"column":27},"end":{"line":240,"column":71}},"loc":{"start":{"line":240,"column":71},"end":{"line":248,"column":null}},"line":240},"9":{"name":"(anonymous_9)","decl":{"start":{"line":252,"column":20},"end":{"line":252,"column":21}},"loc":{"start":{"line":252,"column":40},"end":{"line":256,"column":null}},"line":252},"10":{"name":"(anonymous_10)","decl":{"start":{"line":258,"column":36},"end":{"line":258,"column":null}},"loc":{"start":{"line":261,"column":52},"end":{"line":273,"column":null}},"line":261},"11":{"name":"(anonymous_11)","decl":{"start":{"line":275,"column":37},"end":{"line":275,"column":null}},"loc":{"start":{"line":277,"column":53},"end":{"line":289,"column":null}},"line":277},"12":{"name":"(anonymous_12)","decl":{"start":{"line":291,"column":41},"end":{"line":291,"column":null}},"loc":{"start":{"line":293,"column":54},"end":{"line":304,"column":null}},"line":293},"13":{"name":"(anonymous_13)","decl":{"start":{"line":306,"column":35},"end":{"line":306,"column":null}},"loc":{"start":{"line":309,"column":53},"end":{"line":322,"column":null}},"line":309},"14":{"name":"(anonymous_14)","decl":{"start":{"line":324,"column":37},"end":{"line":324,"column":null}},"loc":{"start":{"line":328,"column":53},"end":{"line":340,"column":null}},"line":328},"15":{"name":"(anonymous_15)","decl":{"start":{"line":342,"column":39},"end":{"line":342,"column":null}},"loc":{"start":{"line":345,"column":50},"end":{"line":357,"column":null}},"line":345},"16":{"name":"(anonymous_16)","decl":{"start":{"line":359,"column":40},"end":{"line":359,"column":null}},"loc":{"start":{"line":363,"column":53},"end":{"line":375,"column":null}},"line":363},"17":{"name":"(anonymous_17)","decl":{"start":{"line":377,"column":42},"end":{"line":377,"column":null}},"loc":{"start":{"line":380,"column":13},"end":{"line":384,"column":null}},"line":380}},"branchMap":{"0":{"loc":{"start":{"line":139,"column":2},"end":{"line":151,"column":null}},"type":"if","locations":[{"start":{"line":139,"column":2},"end":{"line":151,"column":null}},{"start":{},"end":{}}],"line":139},"1":{"loc":{"start":{"line":142,"column":4},"end":{"line":144,"column":null}},"type":"if","locations":[{"start":{"line":142,"column":4},"end":{"line":144,"column":null}},{"start":{},"end":{}}],"line":142},"2":{"loc":{"start":{"line":142,"column":8},"end":{"line":142,"column":48}},"type":"binary-expr","locations":[{"start":{"line":142,"column":8},"end":{"line":142,"column":19}},{"start":{"line":142,"column":19},"end":{"line":142,"column":48}}],"line":142},"3":{"loc":{"start":{"line":146,"column":4},"end":{"line":148,"column":null}},"type":"if","locations":[{"start":{"line":146,"column":4},"end":{"line":148,"column":null}},{"start":{},"end":{}}],"line":146},"4":{"loc":{"start":{"line":146,"column":8},"end":{"line":146,"column":55}},"type":"binary-expr","locations":[{"start":{"line":146,"column":8},"end":{"line":146,"column":39}},{"start":{"line":146,"column":39},"end":{"line":146,"column":55}}],"line":146},"5":{"loc":{"start":{"line":211,"column":2},"end":{"line":211,"column":null}},"type":"default-arg","locations":[{"start":{"line":211,"column":40},"end":{"line":211,"column":null}}],"line":211},"6":{"loc":{"start":{"line":260,"column":2},"end":{"line":260,"column":null}},"type":"default-arg","locations":[{"start":{"line":260,"column":30},"end":{"line":260,"column":null}}],"line":260},"7":{"loc":{"start":{"line":317,"column":4},"end":{"line":319,"column":null}},"type":"if","locations":[{"start":{"line":317,"column":4},"end":{"line":319,"column":null}},{"start":{},"end":{}}],"line":317},"8":{"loc":{"start":{"line":317,"column":8},"end":{"line":317,"column":69}},"type":"binary-expr","locations":[{"start":{"line":317,"column":8},"end":{"line":317,"column":37}},{"start":{"line":317,"column":37},"end":{"line":317,"column":69}}],"line":317},"9":{"loc":{"start":{"line":381,"column":19},"end":{"line":381,"column":null}},"type":"cond-expr","locations":[{"start":{"line":381,"column":59},"end":{"line":381,"column":68}},{"start":{"line":381,"column":68},"end":{"line":381,"column":null}}],"line":381}},"s":{"0":1,"1":1,"2":0,"3":0,"4":0,"5":0,"6":0,"7":0,"8":0,"9":0,"10":1,"11":1,"12":1,"13":0,"14":0,"15":1,"16":1,"17":1,"18":0,"19":0,"20":1,"21":1,"22":1,"23":1,"24":0,"25":0,"26":1,"27":3,"28":3,"29":3,"30":0,"31":0,"32":1,"33":1,"34":2,"35":2,"36":2,"37":0,"38":0,"39":1,"40":1,"41":1,"42":1,"43":0,"44":0,"45":1,"46":7,"47":1,"48":1,"49":1,"50":1,"51":0,"52":0,"53":1,"54":1,"55":1,"56":1,"57":0,"58":0,"59":1,"60":1,"61":1,"62":1,"63":0,"64":0,"65":1,"66":1,"67":1,"68":1,"69":0,"70":0,"71":0,"72":1,"73":1,"74":1,"75":1,"76":0,"77":0,"78":1,"79":1,"80":1,"81":1,"82":0,"83":0,"84":1,"85":1,"86":1,"87":1,"88":0,"89":0,"90":1,"91":1,"92":1,"93":1},"f":{"0":0,"1":1,"2":0,"3":1,"4":0,"5":1,"6":3,"7":2,"8":1,"9":7,"10":1,"11":1,"12":1,"13":1,"14":1,"15":1,"16":1,"17":1},"b":{"0":[0,0],"1":[0,0],"2":[0,0],"3":[0,0],"4":[0,0],"5":[3],"6":[1],"7":[0,0],"8":[0,0],"9":[0,1]},"meta":{"lastBranch":10,"lastFunction":18,"lastStatement":94,"seen":{"s:6:15:6:Infinity":0,"s:135:20:154:Infinity":1,"f:135:20:135:Infinity":0,"b:139:2:151:Infinity:undefined:undefined:undefined:undefined":0,"s:139:2:151:Infinity":2,"s:140:20:140:Infinity":3,"b:142:4:144:Infinity:undefined:undefined:undefined:undefined":1,"s:142:4:144:Infinity":4,"b:142:8:142:19:142:19:142:48":2,"s:143:6:143:Infinity":5,"b:146:4:148:Infinity:undefined:undefined:undefined:undefined":3,"s:146:4:148:Infinity":6,"b:146:8:146:39:146:39:146:55":4,"s:147:6:147:Infinity":7,"s:150:4:150:Infinity":8,"s:153:2:153:Infinity":9,"s:156:28:173:Infinity":10,"f:156:28:156:35":1,"s:157:37:157:Infinity":11,"s:158:2:172:Infinity":12,"f:169:11:169:12":2,"s:170:6:170:Infinity":13,"s:171:6:171:Infinity":14,"s:175:25:192:Infinity":15,"f:175:25:175:32":3,"s:176:37:176:Infinity":16,"s:177:2:191:Infinity":17,"f:188:11:188:12":4,"s:189:6:189:Infinity":18,"s:190:6:190:Infinity":19,"s:194:27:208:Infinity":20,"f:194:27:194:Infinity":5,"s:197:2:207:Infinity":21,"s:198:21:202:Infinity":22,"s:203:4:203:Infinity":23,"s:205:4:205:Infinity":24,"s:206:4:206:Infinity":25,"s:210:27:224:Infinity":26,"f:210:27:210:Infinity":6,"b:211:40:211:Infinity":5,"s:213:2:223:Infinity":27,"s:214:21:218:Infinity":28,"s:219:4:219:Infinity":29,"s:221:4:221:Infinity":30,"s:222:4:222:Infinity":31,"s:226:28:226:Infinity":32,"s:228:29:238:Infinity":33,"f:228:29:228:Infinity":7,"s:231:2:237:Infinity":34,"s:232:21:232:Infinity":35,"s:233:4:233:Infinity":36,"s:235:4:235:Infinity":37,"s:236:4:236:Infinity":38,"s:240:27:248:Infinity":39,"f:240:27:240:71":8,"s:241:2:247:Infinity":40,"s:242:21:242:Infinity":41,"s:243:4:243:Infinity":42,"s:245:4:245:Infinity":43,"s:246:4:246:Infinity":44,"s:252:20:256:Infinity":45,"f:252:20:252:21":9,"s:252:40:256:Infinity":46,"s:258:36:273:Infinity":47,"f:258:36:258:Infinity":10,"b:260:30:260:Infinity":6,"s:262:2:272:Infinity":48,"s:263:21:267:Infinity":49,"s:268:4:268:Infinity":50,"s:270:4:270:Infinity":51,"s:271:4:271:Infinity":52,"s:275:37:289:Infinity":53,"f:275:37:275:Infinity":11,"s:278:2:288:Infinity":54,"s:279:21:283:Infinity":55,"s:284:4:284:Infinity":56,"s:286:4:286:Infinity":57,"s:287:4:287:Infinity":58,"s:291:41:304:Infinity":59,"f:291:41:291:Infinity":12,"s:294:2:303:Infinity":60,"s:295:21:298:Infinity":61,"s:299:4:299:Infinity":62,"s:301:4:301:Infinity":63,"s:302:4:302:Infinity":64,"s:306:35:322:Infinity":65,"f:306:35:306:Infinity":13,"s:310:2:321:Infinity":66,"s:311:21:314:Infinity":67,"s:315:4:315:Infinity":68,"b:317:4:319:Infinity:undefined:undefined:undefined:undefined":7,"s:317:4:319:Infinity":69,"b:317:8:317:37:317:37:317:69":8,"s:318:6:318:Infinity":70,"s:320:4:320:Infinity":71,"s:324:37:340:Infinity":72,"f:324:37:324:Infinity":14,"s:329:2:339:Infinity":73,"s:330:21:334:Infinity":74,"s:335:4:335:Infinity":75,"s:337:4:337:Infinity":76,"s:338:4:338:Infinity":77,"s:342:39:357:Infinity":78,"f:342:39:342:Infinity":15,"s:346:2:356:Infinity":79,"s:347:21:351:Infinity":80,"s:352:4:352:Infinity":81,"s:354:4:354:Infinity":82,"s:355:4:355:Infinity":83,"s:359:40:375:Infinity":84,"f:359:40:359:Infinity":16,"s:364:2:374:Infinity":85,"s:365:21:369:Infinity":86,"s:370:4:370:Infinity":87,"s:372:4:372:Infinity":88,"s:373:4:373:Infinity":89,"s:377:42:384:Infinity":90,"f:377:42:377:Infinity":17,"s:381:19:381:Infinity":91,"b:381:59:381:68:381:68:381:Infinity":9,"s:382:15:382:Infinity":92,"s:383:2:383:Infinity":93}}}
,"D:\\1-Univerzita\\4-Čtvrtý\\QuizApp\\frontend\\app\\game\\pyramidRules.ts": {"path":"D:\\1-Univerzita\\4-Čtvrtý\\QuizApp\\frontend\\app\\game\\pyramidRules.ts","statementMap":{"0":{"start":{"line":9,"column":2},"end":{"line":9,"column":null}},"1":{"start":{"line":13,"column":2},"end":{"line":24,"column":null}},"2":{"start":{"line":14,"column":4},"end":{"line":23,"column":null}},"3":{"start":{"line":15,"column":21},"end":{"line":15,"column":null}},"4":{"start":{"line":16,"column":6},"end":{"line":22,"column":null}},"5":{"start":{"line":28,"column":2},"end":{"line":28,"column":null}},"6":{"start":{"line":36,"column":2},"end":{"line":38,"column":null}},"7":{"start":{"line":37,"column":4},"end":{"line":37,"column":null}},"8":{"start":{"line":40,"column":2},"end":{"line":42,"column":null}},"9":{"start":{"line":41,"column":4},"end":{"line":41,"column":null}},"10":{"start":{"line":44,"column":2},"end":{"line":44,"column":null}},"11":{"start":{"line":48,"column":2},"end":{"line":55,"column":null}},"12":{"start":{"line":59,"column":18},"end":{"line":59,"column":null}},"13":{"start":{"line":61,"column":2},"end":{"line":113,"column":null}},"14":{"start":{"line":61,"column":17},"end":{"line":61,"column":20}},"15":{"start":{"line":62,"column":4},"end":{"line":112,"column":null}},"16":{"start":{"line":62,"column":19},"end":{"line":62,"column":22}},"17":{"start":{"line":63,"column":24},"end":{"line":63,"column":null}},"18":{"start":{"line":64,"column":23},"end":{"line":64,"column":null}},"19":{"start":{"line":66,"column":6},"end":{"line":68,"column":null}},"20":{"start":{"line":67,"column":8},"end":{"line":67,"column":null}},"21":{"start":{"line":70,"column":45},"end":{"line":70,"column":null}},"22":{"start":{"line":71,"column":24},"end":{"line":71,"column":null}},"23":{"start":{"line":72,"column":25},"end":{"line":72,"column":null}},"24":{"start":{"line":73,"column":26},"end":{"line":73,"column":null}},"25":{"start":{"line":75,"column":6},"end":{"line":111,"column":null}},"26":{"start":{"line":76,"column":41},"end":{"line":76,"column":null}},"27":{"start":{"line":77,"column":20},"end":{"line":77,"column":null}},"28":{"start":{"line":79,"column":8},"end":{"line":81,"column":null}},"29":{"start":{"line":80,"column":10},"end":{"line":80,"column":null}},"30":{"start":{"line":83,"column":21},"end":{"line":83,"column":null}},"31":{"start":{"line":84,"column":8},"end":{"line":86,"column":null}},"32":{"start":{"line":85,"column":10},"end":{"line":85,"column":null}},"33":{"start":{"line":88,"column":8},"end":{"line":88,"column":null}},"34":{"start":{"line":90,"column":8},"end":{"line":90,"column":null}},"35":{"start":{"line":91,"column":8},"end":{"line":92,"column":null}},"36":{"start":{"line":93,"column":8},"end":{"line":94,"column":null}},"37":{"start":{"line":96,"column":8},"end":{"line":98,"column":null}},"38":{"start":{"line":97,"column":10},"end":{"line":97,"column":null}},"39":{"start":{"line":100,"column":8},"end":{"line":110,"column":null}},"40":{"start":{"line":101,"column":27},"end":{"line":101,"column":null}},"41":{"start":{"line":102,"column":10},"end":{"line":104,"column":null}},"42":{"start":{"line":103,"column":12},"end":{"line":103,"column":null}},"43":{"start":{"line":106,"column":26},"end":{"line":106,"column":null}},"44":{"start":{"line":107,"column":10},"end":{"line":109,"column":null}},"45":{"start":{"line":108,"column":12},"end":{"line":108,"column":null}},"46":{"start":{"line":115,"column":2},"end":{"line":115,"column":null}},"47":{"start":{"line":122,"column":20},"end":{"line":122,"column":null}},"48":{"start":{"line":123,"column":18},"end":{"line":123,"column":null}},"49":{"start":{"line":125,"column":2},"end":{"line":176,"column":null}},"50":{"start":{"line":125,"column":17},"end":{"line":125,"column":20}},"51":{"start":{"line":126,"column":4},"end":{"line":175,"column":null}},"52":{"start":{"line":126,"column":19},"end":{"line":126,"column":22}},"53":{"start":{"line":127,"column":24},"end":{"line":127,"column":null}},"54":{"start":{"line":128,"column":23},"end":{"line":128,"column":null}},"55":{"start":{"line":130,"column":6},"end":{"line":132,"column":null}},"56":{"start":{"line":131,"column":8},"end":{"line":131,"column":null}},"57":{"start":{"line":134,"column":45},"end":{"line":134,"column":null}},"58":{"start":{"line":135,"column":24},"end":{"line":135,"column":null}},"59":{"start":{"line":136,"column":25},"end":{"line":136,"column":null}},"60":{"start":{"line":137,"column":26},"end":{"line":137,"column":null}},"61":{"start":{"line":139,"column":6},"end":{"line":174,"column":null}},"62":{"start":{"line":140,"column":41},"end":{"line":140,"column":null}},"63":{"start":{"line":141,"column":20},"end":{"line":141,"column":null}},"64":{"start":{"line":143,"column":8},"end":{"line":145,"column":null}},"65":{"start":{"line":144,"column":10},"end":{"line":144,"column":null}},"66":{"start":{"line":147,"column":21},"end":{"line":147,"column":null}},"67":{"start":{"line":148,"column":8},"end":{"line":150,"column":null}},"68":{"start":{"line":149,"column":10},"end":{"line":149,"column":null}},"69":{"start":{"line":152,"column":8},"end":{"line":152,"column":null}},"70":{"start":{"line":153,"column":8},"end":{"line":153,"column":null}},"71":{"start":{"line":154,"column":8},"end":{"line":155,"column":null}},"72":{"start":{"line":156,"column":8},"end":{"line":157,"column":null}},"73":{"start":{"line":159,"column":8},"end":{"line":161,"column":null}},"74":{"start":{"line":160,"column":10},"end":{"line":160,"column":null}},"75":{"start":{"line":163,"column":8},"end":{"line":173,"column":null}},"76":{"start":{"line":164,"column":27},"end":{"line":164,"column":null}},"77":{"start":{"line":165,"column":10},"end":{"line":167,"column":null}},"78":{"start":{"line":166,"column":12},"end":{"line":166,"column":null}},"79":{"start":{"line":169,"column":26},"end":{"line":169,"column":null}},"80":{"start":{"line":170,"column":10},"end":{"line":172,"column":null}},"81":{"start":{"line":171,"column":12},"end":{"line":171,"column":null}},"82":{"start":{"line":178,"column":2},"end":{"line":178,"column":null}},"83":{"start":{"line":182,"column":2},"end":{"line":182,"column":null}}},"fnMap":{"0":{"name":"otherPlayer","decl":{"start":{"line":8,"column":16},"end":{"line":8,"column":28}},"loc":{"start":{"line":8,"column":52},"end":{"line":10,"column":null}},"line":8},"1":{"name":"createBoard","decl":{"start":{"line":12,"column":16},"end":{"line":12,"column":44}},"loc":{"start":{"line":12,"column":44},"end":{"line":25,"column":null}},"line":12},"2":{"name":"(anonymous_2)","decl":{"start":{"line":13,"column":44},"end":{"line":13,"column":45}},"loc":{"start":{"line":14,"column":4},"end":{"line":23,"column":null}},"line":14},"3":{"name":"(anonymous_3)","decl":{"start":{"line":14,"column":36},"end":{"line":14,"column":37}},"loc":{"start":{"line":14,"column":48},"end":{"line":23,"column":5}},"line":14},"4":{"name":"isClaimed","decl":{"start":{"line":27,"column":16},"end":{"line":27,"column":26}},"loc":{"start":{"line":27,"column":51},"end":{"line":29,"column":null}},"line":27},"5":{"name":"isOnSide","decl":{"start":{"line":31,"column":9},"end":{"line":31,"column":null}},"loc":{"start":{"line":35,"column":11},"end":{"line":45,"column":null}},"line":35},"6":{"name":"getNeighbors","decl":{"start":{"line":47,"column":9},"end":{"line":47,"column":22}},"loc":{"start":{"line":47,"column":73},"end":{"line":56,"column":null}},"line":47},"7":{"name":"touchesAllSides","decl":{"start":{"line":58,"column":16},"end":{"line":58,"column":32}},"loc":{"start":{"line":58,"column":78},"end":{"line":116,"column":null}},"line":58},"8":{"name":"hasPotentialThreeSideConnection","decl":{"start":{"line":118,"column":16},"end":{"line":118,"column":null}},"loc":{"start":{"line":121,"column":11},"end":{"line":179,"column":null}},"line":121},"9":{"name":"questionTypeForTile","decl":{"start":{"line":181,"column":16},"end":{"line":181,"column":36}},"loc":{"start":{"line":181,"column":66},"end":{"line":183,"column":null}},"line":181}},"branchMap":{"0":{"loc":{"start":{"line":9,"column":9},"end":{"line":9,"column":null}},"type":"cond-expr","locations":[{"start":{"line":9,"column":32},"end":{"line":9,"column":44}},{"start":{"line":9,"column":44},"end":{"line":9,"column":null}}],"line":9},"1":{"loc":{"start":{"line":28,"column":9},"end":{"line":28,"column":null}},"type":"binary-expr","locations":[{"start":{"line":28,"column":9},"end":{"line":28,"column":37}},{"start":{"line":28,"column":37},"end":{"line":28,"column":null}}],"line":28},"2":{"loc":{"start":{"line":36,"column":2},"end":{"line":38,"column":null}},"type":"if","locations":[{"start":{"line":36,"column":2},"end":{"line":38,"column":null}},{"start":{},"end":{}}],"line":36},"3":{"loc":{"start":{"line":40,"column":2},"end":{"line":42,"column":null}},"type":"if","locations":[{"start":{"line":40,"column":2},"end":{"line":42,"column":null}},{"start":{},"end":{}}],"line":40},"4":{"loc":{"start":{"line":66,"column":6},"end":{"line":68,"column":null}},"type":"if","locations":[{"start":{"line":66,"column":6},"end":{"line":68,"column":null}},{"start":{},"end":{}}],"line":66},"5":{"loc":{"start":{"line":66,"column":10},"end":{"line":66,"column":63}},"type":"binary-expr","locations":[{"start":{"line":66,"column":10},"end":{"line":66,"column":40}},{"start":{"line":66,"column":40},"end":{"line":66,"column":63}}],"line":66},"6":{"loc":{"start":{"line":79,"column":8},"end":{"line":81,"column":null}},"type":"if","locations":[{"start":{"line":79,"column":8},"end":{"line":81,"column":null}},{"start":{},"end":{}}],"line":79},"7":{"loc":{"start":{"line":84,"column":8},"end":{"line":86,"column":null}},"type":"if","locations":[{"start":{"line":84,"column":8},"end":{"line":86,"column":null}},{"start":{},"end":{}}],"line":84},"8":{"loc":{"start":{"line":84,"column":12},"end":{"line":84,"column":44}},"type":"binary-expr","locations":[{"start":{"line":84,"column":12},"end":{"line":84,"column":21}},{"start":{"line":84,"column":21},"end":{"line":84,"column":44}}],"line":84},"9":{"loc":{"start":{"line":90,"column":22},"end":{"line":90,"column":null}},"type":"binary-expr","locations":[{"start":{"line":90,"column":22},"end":{"line":90,"column":37}},{"start":{"line":90,"column":37},"end":{"line":90,"column":null}}],"line":90},"10":{"loc":{"start":{"line":92,"column":10},"end":{"line":92,"column":null}},"type":"binary-expr","locations":[{"start":{"line":92,"column":10},"end":{"line":92,"column":26}},{"start":{"line":92,"column":26},"end":{"line":92,"column":null}}],"line":92},"11":{"loc":{"start":{"line":94,"column":10},"end":{"line":94,"column":null}},"type":"binary-expr","locations":[{"start":{"line":94,"column":10},"end":{"line":94,"column":27}},{"start":{"line":94,"column":27},"end":{"line":94,"column":null}}],"line":94},"12":{"loc":{"start":{"line":96,"column":8},"end":{"line":98,"column":null}},"type":"if","locations":[{"start":{"line":96,"column":8},"end":{"line":98,"column":null}},{"start":{},"end":{}}],"line":96},"13":{"loc":{"start":{"line":96,"column":12},"end":{"line":96,"column":58}},"type":"binary-expr","locations":[{"start":{"line":96,"column":12},"end":{"line":96,"column":27}},{"start":{"line":96,"column":27},"end":{"line":96,"column":43}},{"start":{"line":96,"column":43},"end":{"line":96,"column":58}}],"line":96},"14":{"loc":{"start":{"line":102,"column":10},"end":{"line":104,"column":null}},"type":"if","locations":[{"start":{"line":102,"column":10},"end":{"line":104,"column":null}},{"start":{},"end":{}}],"line":102},"15":{"loc":{"start":{"line":102,"column":14},"end":{"line":102,"column":54}},"type":"binary-expr","locations":[{"start":{"line":102,"column":14},"end":{"line":102,"column":27}},{"start":{"line":102,"column":27},"end":{"line":102,"column":54}}],"line":102},"16":{"loc":{"start":{"line":107,"column":10},"end":{"line":109,"column":null}},"type":"if","locations":[{"start":{"line":107,"column":10},"end":{"line":109,"column":null}},{"start":{},"end":{}}],"line":107},"17":{"loc":{"start":{"line":130,"column":6},"end":{"line":132,"column":null}},"type":"if","locations":[{"start":{"line":130,"column":6},"end":{"line":132,"column":null}},{"start":{},"end":{}}],"line":130},"18":{"loc":{"start":{"line":130,"column":10},"end":{"line":130,"column":66}},"type":"binary-expr","locations":[{"start":{"line":130,"column":10},"end":{"line":130,"column":43}},{"start":{"line":130,"column":43},"end":{"line":130,"column":66}}],"line":130},"19":{"loc":{"start":{"line":143,"column":8},"end":{"line":145,"column":null}},"type":"if","locations":[{"start":{"line":143,"column":8},"end":{"line":145,"column":null}},{"start":{},"end":{}}],"line":143},"20":{"loc":{"start":{"line":148,"column":8},"end":{"line":150,"column":null}},"type":"if","locations":[{"start":{"line":148,"column":8},"end":{"line":150,"column":null}},{"start":{},"end":{}}],"line":148},"21":{"loc":{"start":{"line":148,"column":12},"end":{"line":148,"column":47}},"type":"binary-expr","locations":[{"start":{"line":148,"column":12},"end":{"line":148,"column":21}},{"start":{"line":148,"column":21},"end":{"line":148,"column":47}}],"line":148},"22":{"loc":{"start":{"line":153,"column":22},"end":{"line":153,"column":null}},"type":"binary-expr","locations":[{"start":{"line":153,"column":22},"end":{"line":153,"column":37}},{"start":{"line":153,"column":37},"end":{"line":153,"column":null}}],"line":153},"23":{"loc":{"start":{"line":155,"column":10},"end":{"line":155,"column":null}},"type":"binary-expr","locations":[{"start":{"line":155,"column":10},"end":{"line":155,"column":26}},{"start":{"line":155,"column":26},"end":{"line":155,"column":null}}],"line":155},"24":{"loc":{"start":{"line":157,"column":10},"end":{"line":157,"column":null}},"type":"binary-expr","locations":[{"start":{"line":157,"column":10},"end":{"line":157,"column":27}},{"start":{"line":157,"column":27},"end":{"line":157,"column":null}}],"line":157},"25":{"loc":{"start":{"line":159,"column":8},"end":{"line":161,"column":null}},"type":"if","locations":[{"start":{"line":159,"column":8},"end":{"line":161,"column":null}},{"start":{},"end":{}}],"line":159},"26":{"loc":{"start":{"line":159,"column":12},"end":{"line":159,"column":58}},"type":"binary-expr","locations":[{"start":{"line":159,"column":12},"end":{"line":159,"column":27}},{"start":{"line":159,"column":27},"end":{"line":159,"column":43}},{"start":{"line":159,"column":43},"end":{"line":159,"column":58}}],"line":159},"27":{"loc":{"start":{"line":165,"column":10},"end":{"line":167,"column":null}},"type":"if","locations":[{"start":{"line":165,"column":10},"end":{"line":167,"column":null}},{"start":{},"end":{}}],"line":165},"28":{"loc":{"start":{"line":165,"column":14},"end":{"line":165,"column":57}},"type":"binary-expr","locations":[{"start":{"line":165,"column":14},"end":{"line":165,"column":27}},{"start":{"line":165,"column":27},"end":{"line":165,"column":57}}],"line":165},"29":{"loc":{"start":{"line":170,"column":10},"end":{"line":172,"column":null}},"type":"if","locations":[{"start":{"line":170,"column":10},"end":{"line":172,"column":null}},{"start":{},"end":{}}],"line":170},"30":{"loc":{"start":{"line":182,"column":9},"end":{"line":182,"column":null}},"type":"cond-expr","locations":[{"start":{"line":182,"column":34},"end":{"line":182,"column":45}},{"start":{"line":182,"column":45},"end":{"line":182,"column":null}}],"line":182}},"s":{"0":3,"1":4,"2":28,"3":112,"4":112,"5":1,"6":19,"7":7,"8":12,"9":3,"10":9,"11":12,"12":3,"13":3,"14":3,"15":21,"16":21,"17":78,"18":78,"19":78,"20":76,"21":2,"22":2,"23":2,"24":2,"25":2,"26":11,"27":11,"28":11,"29":1,"30":10,"31":11,"32":0,"33":10,"34":10,"35":11,"36":11,"37":11,"38":1,"39":9,"40":54,"41":54,"42":37,"43":17,"44":17,"45":9,"46":2,"47":2,"48":2,"49":2,"50":2,"51":14,"52":14,"53":56,"54":56,"55":56,"56":55,"57":1,"58":1,"59":1,"60":1,"61":1,"62":4,"63":4,"64":4,"65":1,"66":3,"67":4,"68":0,"69":3,"70":3,"71":4,"72":4,"73":4,"74":0,"75":3,"76":18,"77":18,"78":12,"79":6,"80":6,"81":3,"82":2,"83":1},"f":{"0":3,"1":4,"2":28,"3":112,"4":1,"5":19,"6":12,"7":3,"8":2,"9":1},"b":{"0":[3,0],"1":[1,0],"2":[7,12],"3":[3,9],"4":[76,2],"5":[78,4],"6":[1,10],"7":[0,11],"8":[11,10],"9":[10,2],"10":[11,8],"11":[11,4],"12":[1,10],"13":[11,10,4],"14":[37,17],"15":[54,32],"16":[9,8],"17":[55,1],"18":[56,3],"19":[1,3],"20":[0,4],"21":[4,3],"22":[3,1],"23":[4,1],"24":[4,3],"25":[0,4],"26":[4,3,3],"27":[12,6],"28":[18,10],"29":[3,3],"30":[1,0]},"meta":{"lastBranch":31,"lastFunction":10,"lastStatement":84,"seen":{"f:8:16:8:28":0,"s:9:2:9:Infinity":0,"b:9:32:9:44:9:44:9:Infinity":0,"f:12:16:12:44":1,"s:13:2:24:Infinity":1,"f:13:44:13:45":2,"s:14:4:23:Infinity":2,"f:14:36:14:37":3,"s:15:21:15:Infinity":3,"s:16:6:22:Infinity":4,"f:27:16:27:26":4,"s:28:2:28:Infinity":5,"b:28:9:28:37:28:37:28:Infinity":1,"f:31:9:31:Infinity":5,"b:36:2:38:Infinity:undefined:undefined:undefined:undefined":2,"s:36:2:38:Infinity":6,"s:37:4:37:Infinity":7,"b:40:2:42:Infinity:undefined:undefined:undefined:undefined":3,"s:40:2:42:Infinity":8,"s:41:4:41:Infinity":9,"s:44:2:44:Infinity":10,"f:47:9:47:22":6,"s:48:2:55:Infinity":11,"f:58:16:58:32":7,"s:59:18:59:Infinity":12,"s:61:2:113:Infinity":13,"s:61:17:61:20":14,"s:62:4:112:Infinity":15,"s:62:19:62:22":16,"s:63:24:63:Infinity":17,"s:64:23:64:Infinity":18,"b:66:6:68:Infinity:undefined:undefined:undefined:undefined":4,"s:66:6:68:Infinity":19,"b:66:10:66:40:66:40:66:63":5,"s:67:8:67:Infinity":20,"s:70:45:70:Infinity":21,"s:71:24:71:Infinity":22,"s:72:25:72:Infinity":23,"s:73:26:73:Infinity":24,"s:75:6:111:Infinity":25,"s:76:41:76:Infinity":26,"s:77:20:77:Infinity":27,"b:79:8:81:Infinity:undefined:undefined:undefined:undefined":6,"s:79:8:81:Infinity":28,"s:80:10:80:Infinity":29,"s:83:21:83:Infinity":30,"b:84:8:86:Infinity:undefined:undefined:undefined:undefined":7,"s:84:8:86:Infinity":31,"b:84:12:84:21:84:21:84:44":8,"s:85:10:85:Infinity":32,"s:88:8:88:Infinity":33,"s:90:8:90:Infinity":34,"b:90:22:90:37:90:37:90:Infinity":9,"s:91:8:92:Infinity":35,"b:92:10:92:26:92:26:92:Infinity":10,"s:93:8:94:Infinity":36,"b:94:10:94:27:94:27:94:Infinity":11,"b:96:8:98:Infinity:undefined:undefined:undefined:undefined":12,"s:96:8:98:Infinity":37,"b:96:12:96:27:96:27:96:43:96:43:96:58":13,"s:97:10:97:Infinity":38,"s:100:8:110:Infinity":39,"s:101:27:101:Infinity":40,"b:102:10:104:Infinity:undefined:undefined:undefined:undefined":14,"s:102:10:104:Infinity":41,"b:102:14:102:27:102:27:102:54":15,"s:103:12:103:Infinity":42,"s:106:26:106:Infinity":43,"b:107:10:109:Infinity:undefined:undefined:undefined:undefined":16,"s:107:10:109:Infinity":44,"s:108:12:108:Infinity":45,"s:115:2:115:Infinity":46,"f:118:16:118:Infinity":8,"s:122:20:122:Infinity":47,"s:123:18:123:Infinity":48,"s:125:2:176:Infinity":49,"s:125:17:125:20":50,"s:126:4:175:Infinity":51,"s:126:19:126:22":52,"s:127:24:127:Infinity":53,"s:128:23:128:Infinity":54,"b:130:6:132:Infinity:undefined:undefined:undefined:undefined":17,"s:130:6:132:Infinity":55,"b:130:10:130:43:130:43:130:66":18,"s:131:8:131:Infinity":56,"s:134:45:134:Infinity":57,"s:135:24:135:Infinity":58,"s:136:25:136:Infinity":59,"s:137:26:137:Infinity":60,"s:139:6:174:Infinity":61,"s:140:41:140:Infinity":62,"s:141:20:141:Infinity":63,"b:143:8:145:Infinity:undefined:undefined:undefined:undefined":19,"s:143:8:145:Infinity":64,"s:144:10:144:Infinity":65,"s:147:21:147:Infinity":66,"b:148:8:150:Infinity:undefined:undefined:undefined:undefined":20,"s:148:8:150:Infinity":67,"b:148:12:148:21:148:21:148:47":21,"s:149:10:149:Infinity":68,"s:152:8:152:Infinity":69,"s:153:8:153:Infinity":70,"b:153:22:153:37:153:37:153:Infinity":22,"s:154:8:155:Infinity":71,"b:155:10:155:26:155:26:155:Infinity":23,"s:156:8:157:Infinity":72,"b:157:10:157:27:157:27:157:Infinity":24,"b:159:8:161:Infinity:undefined:undefined:undefined:undefined":25,"s:159:8:161:Infinity":73,"b:159:12:159:27:159:27:159:43:159:43:159:58":26,"s:160:10:160:Infinity":74,"s:163:8:173:Infinity":75,"s:164:27:164:Infinity":76,"b:165:10:167:Infinity:undefined:undefined:undefined:undefined":27,"s:165:10:167:Infinity":77,"b:165:14:165:27:165:27:165:57":28,"s:166:12:166:Infinity":78,"s:169:26:169:Infinity":79,"b:170:10:172:Infinity:undefined:undefined:undefined:undefined":29,"s:170:10:172:Infinity":80,"s:171:12:171:Infinity":81,"s:178:2:178:Infinity":82,"f:181:16:181:36":9,"s:182:2:182:Infinity":83,"b:182:34:182:45:182:45:182:Infinity":30}}}
,"D:\\1-Univerzita\\4-Čtvrtý\\QuizApp\\frontend\\app\\game\\pyramidRulesMultiplayer.ts": {"path":"D:\\1-Univerzita\\4-Čtvrtý\\QuizApp\\frontend\\app\\game\\pyramidRulesMultiplayer.ts","statementMap":{"0":{"start":{"line":9,"column":2},"end":{"line":9,"column":null}},"1":{"start":{"line":13,"column":2},"end":{"line":24,"column":null}},"2":{"start":{"line":14,"column":4},"end":{"line":23,"column":null}},"3":{"start":{"line":15,"column":21},"end":{"line":15,"column":null}},"4":{"start":{"line":16,"column":6},"end":{"line":22,"column":null}},"5":{"start":{"line":28,"column":2},"end":{"line":28,"column":null}},"6":{"start":{"line":36,"column":2},"end":{"line":38,"column":null}},"7":{"start":{"line":37,"column":4},"end":{"line":37,"column":null}},"8":{"start":{"line":40,"column":2},"end":{"line":42,"column":null}},"9":{"start":{"line":41,"column":4},"end":{"line":41,"column":null}},"10":{"start":{"line":44,"column":2},"end":{"line":44,"column":null}},"11":{"start":{"line":48,"column":2},"end":{"line":55,"column":null}},"12":{"start":{"line":59,"column":18},"end":{"line":59,"column":null}},"13":{"start":{"line":61,"column":2},"end":{"line":113,"column":null}},"14":{"start":{"line":61,"column":17},"end":{"line":61,"column":20}},"15":{"start":{"line":62,"column":4},"end":{"line":112,"column":null}},"16":{"start":{"line":62,"column":19},"end":{"line":62,"column":22}},"17":{"start":{"line":63,"column":24},"end":{"line":63,"column":null}},"18":{"start":{"line":64,"column":23},"end":{"line":64,"column":null}},"19":{"start":{"line":66,"column":6},"end":{"line":68,"column":null}},"20":{"start":{"line":67,"column":8},"end":{"line":67,"column":null}},"21":{"start":{"line":70,"column":45},"end":{"line":70,"column":null}},"22":{"start":{"line":71,"column":24},"end":{"line":71,"column":null}},"23":{"start":{"line":72,"column":25},"end":{"line":72,"column":null}},"24":{"start":{"line":73,"column":26},"end":{"line":73,"column":null}},"25":{"start":{"line":75,"column":6},"end":{"line":111,"column":null}},"26":{"start":{"line":76,"column":41},"end":{"line":76,"column":null}},"27":{"start":{"line":77,"column":20},"end":{"line":77,"column":null}},"28":{"start":{"line":79,"column":8},"end":{"line":81,"column":null}},"29":{"start":{"line":80,"column":10},"end":{"line":80,"column":null}},"30":{"start":{"line":83,"column":21},"end":{"line":83,"column":null}},"31":{"start":{"line":84,"column":8},"end":{"line":86,"column":null}},"32":{"start":{"line":85,"column":10},"end":{"line":85,"column":null}},"33":{"start":{"line":88,"column":8},"end":{"line":88,"column":null}},"34":{"start":{"line":90,"column":8},"end":{"line":90,"column":null}},"35":{"start":{"line":91,"column":8},"end":{"line":92,"column":null}},"36":{"start":{"line":93,"column":8},"end":{"line":94,"column":null}},"37":{"start":{"line":96,"column":8},"end":{"line":98,"column":null}},"38":{"start":{"line":97,"column":10},"end":{"line":97,"column":null}},"39":{"start":{"line":100,"column":8},"end":{"line":110,"column":null}},"40":{"start":{"line":101,"column":27},"end":{"line":101,"column":null}},"41":{"start":{"line":102,"column":10},"end":{"line":104,"column":null}},"42":{"start":{"line":103,"column":12},"end":{"line":103,"column":null}},"43":{"start":{"line":106,"column":26},"end":{"line":106,"column":null}},"44":{"start":{"line":107,"column":10},"end":{"line":109,"column":null}},"45":{"start":{"line":108,"column":12},"end":{"line":108,"column":null}},"46":{"start":{"line":115,"column":2},"end":{"line":115,"column":null}},"47":{"start":{"line":122,"column":20},"end":{"line":122,"column":null}},"48":{"start":{"line":123,"column":18},"end":{"line":123,"column":null}},"49":{"start":{"line":125,"column":2},"end":{"line":176,"column":null}},"50":{"start":{"line":125,"column":17},"end":{"line":125,"column":20}},"51":{"start":{"line":126,"column":4},"end":{"line":175,"column":null}},"52":{"start":{"line":126,"column":19},"end":{"line":126,"column":22}},"53":{"start":{"line":127,"column":24},"end":{"line":127,"column":null}},"54":{"start":{"line":128,"column":23},"end":{"line":128,"column":null}},"55":{"start":{"line":130,"column":6},"end":{"line":132,"column":null}},"56":{"start":{"line":131,"column":8},"end":{"line":131,"column":null}},"57":{"start":{"line":134,"column":45},"end":{"line":134,"column":null}},"58":{"start":{"line":135,"column":24},"end":{"line":135,"column":null}},"59":{"start":{"line":136,"column":25},"end":{"line":136,"column":null}},"60":{"start":{"line":137,"column":26},"end":{"line":137,"column":null}},"61":{"start":{"line":139,"column":6},"end":{"line":174,"column":null}},"62":{"start":{"line":140,"column":41},"end":{"line":140,"column":null}},"63":{"start":{"line":141,"column":20},"end":{"line":141,"column":null}},"64":{"start":{"line":143,"column":8},"end":{"line":145,"column":null}},"65":{"start":{"line":144,"column":10},"end":{"line":144,"column":null}},"66":{"start":{"line":147,"column":21},"end":{"line":147,"column":null}},"67":{"start":{"line":148,"column":8},"end":{"line":150,"column":null}},"68":{"start":{"line":149,"column":10},"end":{"line":149,"column":null}},"69":{"start":{"line":152,"column":8},"end":{"line":152,"column":null}},"70":{"start":{"line":153,"column":8},"end":{"line":153,"column":null}},"71":{"start":{"line":154,"column":8},"end":{"line":155,"column":null}},"72":{"start":{"line":156,"column":8},"end":{"line":157,"column":null}},"73":{"start":{"line":159,"column":8},"end":{"line":161,"column":null}},"74":{"start":{"line":160,"column":10},"end":{"line":160,"column":null}},"75":{"start":{"line":163,"column":8},"end":{"line":173,"column":null}},"76":{"start":{"line":164,"column":27},"end":{"line":164,"column":null}},"77":{"start":{"line":165,"column":10},"end":{"line":167,"column":null}},"78":{"start":{"line":166,"column":12},"end":{"line":166,"column":null}},"79":{"start":{"line":169,"column":26},"end":{"line":169,"column":null}},"80":{"start":{"line":170,"column":10},"end":{"line":172,"column":null}},"81":{"start":{"line":171,"column":12},"end":{"line":171,"column":null}},"82":{"start":{"line":178,"column":2},"end":{"line":178,"column":null}},"83":{"start":{"line":182,"column":2},"end":{"line":182,"column":null}}},"fnMap":{"0":{"name":"otherPlayer","decl":{"start":{"line":8,"column":16},"end":{"line":8,"column":28}},"loc":{"start":{"line":8,"column":52},"end":{"line":10,"column":null}},"line":8},"1":{"name":"createBoard","decl":{"start":{"line":12,"column":16},"end":{"line":12,"column":44}},"loc":{"start":{"line":12,"column":44},"end":{"line":25,"column":null}},"line":12},"2":{"name":"(anonymous_2)","decl":{"start":{"line":13,"column":44},"end":{"line":13,"column":45}},"loc":{"start":{"line":14,"column":4},"end":{"line":23,"column":null}},"line":14},"3":{"name":"(anonymous_3)","decl":{"start":{"line":14,"column":36},"end":{"line":14,"column":37}},"loc":{"start":{"line":14,"column":48},"end":{"line":23,"column":5}},"line":14},"4":{"name":"isClaimed","decl":{"start":{"line":27,"column":16},"end":{"line":27,"column":26}},"loc":{"start":{"line":27,"column":51},"end":{"line":29,"column":null}},"line":27},"5":{"name":"isOnSide","decl":{"start":{"line":31,"column":9},"end":{"line":31,"column":null}},"loc":{"start":{"line":35,"column":11},"end":{"line":45,"column":null}},"line":35},"6":{"name":"getNeighbors","decl":{"start":{"line":47,"column":9},"end":{"line":47,"column":22}},"loc":{"start":{"line":47,"column":73},"end":{"line":56,"column":null}},"line":47},"7":{"name":"touchesAllSides","decl":{"start":{"line":58,"column":16},"end":{"line":58,"column":32}},"loc":{"start":{"line":58,"column":78},"end":{"line":116,"column":null}},"line":58},"8":{"name":"hasPotentialThreeSideConnection","decl":{"start":{"line":118,"column":16},"end":{"line":118,"column":null}},"loc":{"start":{"line":121,"column":11},"end":{"line":179,"column":null}},"line":121},"9":{"name":"questionTypeForTile","decl":{"start":{"line":181,"column":16},"end":{"line":181,"column":36}},"loc":{"start":{"line":181,"column":66},"end":{"line":183,"column":null}},"line":181}},"branchMap":{"0":{"loc":{"start":{"line":9,"column":9},"end":{"line":9,"column":null}},"type":"cond-expr","locations":[{"start":{"line":9,"column":32},"end":{"line":9,"column":44}},{"start":{"line":9,"column":44},"end":{"line":9,"column":null}}],"line":9},"1":{"loc":{"start":{"line":28,"column":9},"end":{"line":28,"column":null}},"type":"binary-expr","locations":[{"start":{"line":28,"column":9},"end":{"line":28,"column":37}},{"start":{"line":28,"column":37},"end":{"line":28,"column":null}}],"line":28},"2":{"loc":{"start":{"line":36,"column":2},"end":{"line":38,"column":null}},"type":"if","locations":[{"start":{"line":36,"column":2},"end":{"line":38,"column":null}},{"start":{},"end":{}}],"line":36},"3":{"loc":{"start":{"line":40,"column":2},"end":{"line":42,"column":null}},"type":"if","locations":[{"start":{"line":40,"column":2},"end":{"line":42,"column":null}},{"start":{},"end":{}}],"line":40},"4":{"loc":{"start":{"line":66,"column":6},"end":{"line":68,"column":null}},"type":"if","locations":[{"start":{"line":66,"column":6},"end":{"line":68,"column":null}},{"start":{},"end":{}}],"line":66},"5":{"loc":{"start":{"line":66,"column":10},"end":{"line":66,"column":63}},"type":"binary-expr","locations":[{"start":{"line":66,"column":10},"end":{"line":66,"column":40}},{"start":{"line":66,"column":40},"end":{"line":66,"column":63}}],"line":66},"6":{"loc":{"start":{"line":79,"column":8},"end":{"line":81,"column":null}},"type":"if","locations":[{"start":{"line":79,"column":8},"end":{"line":81,"column":null}},{"start":{},"end":{}}],"line":79},"7":{"loc":{"start":{"line":84,"column":8},"end":{"line":86,"column":null}},"type":"if","locations":[{"start":{"line":84,"column":8},"end":{"line":86,"column":null}},{"start":{},"end":{}}],"line":84},"8":{"loc":{"start":{"line":84,"column":12},"end":{"line":84,"column":44}},"type":"binary-expr","locations":[{"start":{"line":84,"column":12},"end":{"line":84,"column":21}},{"start":{"line":84,"column":21},"end":{"line":84,"column":44}}],"line":84},"9":{"loc":{"start":{"line":90,"column":22},"end":{"line":90,"column":null}},"type":"binary-expr","locations":[{"start":{"line":90,"column":22},"end":{"line":90,"column":37}},{"start":{"line":90,"column":37},"end":{"line":90,"column":null}}],"line":90},"10":{"loc":{"start":{"line":92,"column":10},"end":{"line":92,"column":null}},"type":"binary-expr","locations":[{"start":{"line":92,"column":10},"end":{"line":92,"column":26}},{"start":{"line":92,"column":26},"end":{"line":92,"column":null}}],"line":92},"11":{"loc":{"start":{"line":94,"column":10},"end":{"line":94,"column":null}},"type":"binary-expr","locations":[{"start":{"line":94,"column":10},"end":{"line":94,"column":27}},{"start":{"line":94,"column":27},"end":{"line":94,"column":null}}],"line":94},"12":{"loc":{"start":{"line":96,"column":8},"end":{"line":98,"column":null}},"type":"if","locations":[{"start":{"line":96,"column":8},"end":{"line":98,"column":null}},{"start":{},"end":{}}],"line":96},"13":{"loc":{"start":{"line":96,"column":12},"end":{"line":96,"column":58}},"type":"binary-expr","locations":[{"start":{"line":96,"column":12},"end":{"line":96,"column":27}},{"start":{"line":96,"column":27},"end":{"line":96,"column":43}},{"start":{"line":96,"column":43},"end":{"line":96,"column":58}}],"line":96},"14":{"loc":{"start":{"line":102,"column":10},"end":{"line":104,"column":null}},"type":"if","locations":[{"start":{"line":102,"column":10},"end":{"line":104,"column":null}},{"start":{},"end":{}}],"line":102},"15":{"loc":{"start":{"line":102,"column":14},"end":{"line":102,"column":54}},"type":"binary-expr","locations":[{"start":{"line":102,"column":14},"end":{"line":102,"column":27}},{"start":{"line":102,"column":27},"end":{"line":102,"column":54}}],"line":102},"16":{"loc":{"start":{"line":107,"column":10},"end":{"line":109,"column":null}},"type":"if","locations":[{"start":{"line":107,"column":10},"end":{"line":109,"column":null}},{"start":{},"end":{}}],"line":107},"17":{"loc":{"start":{"line":130,"column":6},"end":{"line":132,"column":null}},"type":"if","locations":[{"start":{"line":130,"column":6},"end":{"line":132,"column":null}},{"start":{},"end":{}}],"line":130},"18":{"loc":{"start":{"line":130,"column":10},"end":{"line":130,"column":66}},"type":"binary-expr","locations":[{"start":{"line":130,"column":10},"end":{"line":130,"column":43}},{"start":{"line":130,"column":43},"end":{"line":130,"column":66}}],"line":130},"19":{"loc":{"start":{"line":143,"column":8},"end":{"line":145,"column":null}},"type":"if","locations":[{"start":{"line":143,"column":8},"end":{"line":145,"column":null}},{"start":{},"end":{}}],"line":143},"20":{"loc":{"start":{"line":148,"column":8},"end":{"line":150,"column":null}},"type":"if","locations":[{"start":{"line":148,"column":8},"end":{"line":150,"column":null}},{"start":{},"end":{}}],"line":148},"21":{"loc":{"start":{"line":148,"column":12},"end":{"line":148,"column":47}},"type":"binary-expr","locations":[{"start":{"line":148,"column":12},"end":{"line":148,"column":21}},{"start":{"line":148,"column":21},"end":{"line":148,"column":47}}],"line":148},"22":{"loc":{"start":{"line":153,"column":22},"end":{"line":153,"column":null}},"type":"binary-expr","locations":[{"start":{"line":153,"column":22},"end":{"line":153,"column":37}},{"start":{"line":153,"column":37},"end":{"line":153,"column":null}}],"line":153},"23":{"loc":{"start":{"line":155,"column":10},"end":{"line":155,"column":null}},"type":"binary-expr","locations":[{"start":{"line":155,"column":10},"end":{"line":155,"column":26}},{"start":{"line":155,"column":26},"end":{"line":155,"column":null}}],"line":155},"24":{"loc":{"start":{"line":157,"column":10},"end":{"line":157,"column":null}},"type":"binary-expr","locations":[{"start":{"line":157,"column":10},"end":{"line":157,"column":27}},{"start":{"line":157,"column":27},"end":{"line":157,"column":null}}],"line":157},"25":{"loc":{"start":{"line":159,"column":8},"end":{"line":161,"column":null}},"type":"if","locations":[{"start":{"line":159,"column":8},"end":{"line":161,"column":null}},{"start":{},"end":{}}],"line":159},"26":{"loc":{"start":{"line":159,"column":12},"end":{"line":159,"column":58}},"type":"binary-expr","locations":[{"start":{"line":159,"column":12},"end":{"line":159,"column":27}},{"start":{"line":159,"column":27},"end":{"line":159,"column":43}},{"start":{"line":159,"column":43},"end":{"line":159,"column":58}}],"line":159},"27":{"loc":{"start":{"line":165,"column":10},"end":{"line":167,"column":null}},"type":"if","locations":[{"start":{"line":165,"column":10},"end":{"line":167,"column":null}},{"start":{},"end":{}}],"line":165},"28":{"loc":{"start":{"line":165,"column":14},"end":{"line":165,"column":57}},"type":"binary-expr","locations":[{"start":{"line":165,"column":14},"end":{"line":165,"column":27}},{"start":{"line":165,"column":27},"end":{"line":165,"column":57}}],"line":165},"29":{"loc":{"start":{"line":170,"column":10},"end":{"line":172,"column":null}},"type":"if","locations":[{"start":{"line":170,"column":10},"end":{"line":172,"column":null}},{"start":{},"end":{}}],"line":170},"30":{"loc":{"start":{"line":182,"column":9},"end":{"line":182,"column":null}},"type":"cond-expr","locations":[{"start":{"line":182,"column":34},"end":{"line":182,"column":45}},{"start":{"line":182,"column":45},"end":{"line":182,"column":null}}],"line":182}},"s":{"0":3,"1":4,"2":32,"3":144,"4":144,"5":0,"6":20,"7":7,"8":13,"9":3,"10":10,"11":13,"12":2,"13":2,"14":2,"15":16,"16":16,"17":65,"18":65,"19":65,"20":63,"21":2,"22":2,"23":2,"24":2,"25":2,"26":12,"27":12,"28":12,"29":1,"30":11,"31":12,"32":0,"33":11,"34":11,"35":12,"36":12,"37":12,"38":1,"39":10,"40":60,"41":60,"42":41,"43":19,"44":19,"45":10,"46":1,"47":2,"48":2,"49":2,"50":2,"51":16,"52":16,"53":72,"54":72,"55":72,"56":71,"57":1,"58":1,"59":1,"60":1,"61":1,"62":4,"63":4,"64":4,"65":1,"66":3,"67":4,"68":0,"69":3,"70":3,"71":4,"72":4,"73":4,"74":0,"75":3,"76":18,"77":18,"78":12,"79":6,"80":6,"81":3,"82":2,"83":1},"f":{"0":3,"1":4,"2":32,"3":144,"4":0,"5":20,"6":13,"7":2,"8":2,"9":1},"b":{"0":[0,3],"1":[0,0],"2":[7,13],"3":[3,10],"4":[63,2],"5":[65,4],"6":[1,11],"7":[0,12],"8":[12,11],"9":[11,2],"10":[12,9],"11":[12,4],"12":[1,11],"13":[12,11,4],"14":[41,19],"15":[60,36],"16":[10,9],"17":[71,1],"18":[72,3],"19":[1,3],"20":[0,4],"21":[4,3],"22":[3,1],"23":[4,1],"24":[4,3],"25":[0,4],"26":[4,3,3],"27":[12,6],"28":[18,10],"29":[3,3],"30":[1,0]},"meta":{"lastBranch":31,"lastFunction":10,"lastStatement":84,"seen":{"f:8:16:8:28":0,"s:9:2:9:Infinity":0,"b:9:32:9:44:9:44:9:Infinity":0,"f:12:16:12:44":1,"s:13:2:24:Infinity":1,"f:13:44:13:45":2,"s:14:4:23:Infinity":2,"f:14:36:14:37":3,"s:15:21:15:Infinity":3,"s:16:6:22:Infinity":4,"f:27:16:27:26":4,"s:28:2:28:Infinity":5,"b:28:9:28:37:28:37:28:Infinity":1,"f:31:9:31:Infinity":5,"b:36:2:38:Infinity:undefined:undefined:undefined:undefined":2,"s:36:2:38:Infinity":6,"s:37:4:37:Infinity":7,"b:40:2:42:Infinity:undefined:undefined:undefined:undefined":3,"s:40:2:42:Infinity":8,"s:41:4:41:Infinity":9,"s:44:2:44:Infinity":10,"f:47:9:47:22":6,"s:48:2:55:Infinity":11,"f:58:16:58:32":7,"s:59:18:59:Infinity":12,"s:61:2:113:Infinity":13,"s:61:17:61:20":14,"s:62:4:112:Infinity":15,"s:62:19:62:22":16,"s:63:24:63:Infinity":17,"s:64:23:64:Infinity":18,"b:66:6:68:Infinity:undefined:undefined:undefined:undefined":4,"s:66:6:68:Infinity":19,"b:66:10:66:40:66:40:66:63":5,"s:67:8:67:Infinity":20,"s:70:45:70:Infinity":21,"s:71:24:71:Infinity":22,"s:72:25:72:Infinity":23,"s:73:26:73:Infinity":24,"s:75:6:111:Infinity":25,"s:76:41:76:Infinity":26,"s:77:20:77:Infinity":27,"b:79:8:81:Infinity:undefined:undefined:undefined:undefined":6,"s:79:8:81:Infinity":28,"s:80:10:80:Infinity":29,"s:83:21:83:Infinity":30,"b:84:8:86:Infinity:undefined:undefined:undefined:undefined":7,"s:84:8:86:Infinity":31,"b:84:12:84:21:84:21:84:44":8,"s:85:10:85:Infinity":32,"s:88:8:88:Infinity":33,"s:90:8:90:Infinity":34,"b:90:22:90:37:90:37:90:Infinity":9,"s:91:8:92:Infinity":35,"b:92:10:92:26:92:26:92:Infinity":10,"s:93:8:94:Infinity":36,"b:94:10:94:27:94:27:94:Infinity":11,"b:96:8:98:Infinity:undefined:undefined:undefined:undefined":12,"s:96:8:98:Infinity":37,"b:96:12:96:27:96:27:96:43:96:43:96:58":13,"s:97:10:97:Infinity":38,"s:100:8:110:Infinity":39,"s:101:27:101:Infinity":40,"b:102:10:104:Infinity:undefined:undefined:undefined:undefined":14,"s:102:10:104:Infinity":41,"b:102:14:102:27:102:27:102:54":15,"s:103:12:103:Infinity":42,"s:106:26:106:Infinity":43,"b:107:10:109:Infinity:undefined:undefined:undefined:undefined":16,"s:107:10:109:Infinity":44,"s:108:12:108:Infinity":45,"s:115:2:115:Infinity":46,"f:118:16:118:Infinity":8,"s:122:20:122:Infinity":47,"s:123:18:123:Infinity":48,"s:125:2:176:Infinity":49,"s:125:17:125:20":50,"s:126:4:175:Infinity":51,"s:126:19:126:22":52,"s:127:24:127:Infinity":53,"s:128:23:128:Infinity":54,"b:130:6:132:Infinity:undefined:undefined:undefined:undefined":17,"s:130:6:132:Infinity":55,"b:130:10:130:43:130:43:130:66":18,"s:131:8:131:Infinity":56,"s:134:45:134:Infinity":57,"s:135:24:135:Infinity":58,"s:136:25:136:Infinity":59,"s:137:26:137:Infinity":60,"s:139:6:174:Infinity":61,"s:140:41:140:Infinity":62,"s:141:20:141:Infinity":63,"b:143:8:145:Infinity:undefined:undefined:undefined:undefined":19,"s:143:8:145:Infinity":64,"s:144:10:144:Infinity":65,"s:147:21:147:Infinity":66,"b:148:8:150:Infinity:undefined:undefined:undefined:undefined":20,"s:148:8:150:Infinity":67,"b:148:12:148:21:148:21:148:47":21,"s:149:10:149:Infinity":68,"s:152:8:152:Infinity":69,"s:153:8:153:Infinity":70,"b:153:22:153:37:153:37:153:Infinity":22,"s:154:8:155:Infinity":71,"b:155:10:155:26:155:26:155:Infinity":23,"s:156:8:157:Infinity":72,"b:157:10:157:27:157:27:157:Infinity":24,"b:159:8:161:Infinity:undefined:undefined:undefined:undefined":25,"s:159:8:161:Infinity":73,"b:159:12:159:27:159:27:159:43:159:43:159:58":26,"s:160:10:160:Infinity":74,"s:163:8:173:Infinity":75,"s:164:27:164:Infinity":76,"b:165:10:167:Infinity:undefined:undefined:undefined:undefined":27,"s:165:10:167:Infinity":77,"b:165:14:165:27:165:27:165:57":28,"s:166:12:166:Infinity":78,"s:169:26:169:Infinity":79,"b:170:10:172:Infinity:undefined:undefined:undefined:undefined":29,"s:170:10:172:Infinity":80,"s:171:12:171:Infinity":81,"s:178:2:178:Infinity":82,"f:181:16:181:36":9,"s:182:2:182:Infinity":83,"b:182:34:182:45:182:45:182:Infinity":30}}}
,"D:\\1-Univerzita\\4-Čtvrtý\\QuizApp\\frontend\\app\\game\\pyramidTypes.ts": {"path":"D:\\1-Univerzita\\4-Čtvrtý\\QuizApp\\frontend\\app\\game\\pyramidTypes.ts","statementMap":{"0":{"start":{"line":16,"column":26},"end":{"line":16,"column":null}},"1":{"start":{"line":21,"column":4},"end":{"line":34,"column":null}}},"fnMap":{},"branchMap":{},"s":{"0":1,"1":1},"f":{},"b":{},"meta":{"lastBranch":0,"lastFunction":0,"lastStatement":2,"seen":{"s:16:26:16:Infinity":0,"s:21:4:34:Infinity":1}}}
,"D:\\1-Univerzita\\4-Čtvrtý\\QuizApp\\frontend\\app\\game\\pyramidTypesMultiplayer.ts": {"path":"D:\\1-Univerzita\\4-Čtvrtý\\QuizApp\\frontend\\app\\game\\pyramidTypesMultiplayer.ts","statementMap":{"0":{"start":{"line":15,"column":26},"end":{"line":15,"column":null}},"1":{"start":{"line":20,"column":4},"end":{"line":33,"column":null}}},"fnMap":{},"branchMap":{},"s":{"0":1,"1":1},"f":{},"b":{},"meta":{"lastBranch":0,"lastFunction":0,"lastStatement":2,"seen":{"s:15:26:15:Infinity":0,"s:20:4:33:Infinity":1}}}
,"D:\\1-Univerzita\\4-Čtvrtý\\QuizApp\\frontend\\app\\routes\\Leaderboards.tsx": {"path":"D:\\1-Univerzita\\4-Čtvrtý\\QuizApp\\frontend\\app\\routes\\Leaderboards.tsx","statementMap":{"0":{"start":{"line":32,"column":18},"end":{"line":32,"column":null}},"1":{"start":{"line":34,"column":42},"end":{"line":65,"column":null}},"2":{"start":{"line":67,"column":47},"end":{"line":72,"column":null}},"3":{"start":{"line":68,"column":27},"end":{"line":68,"column":49}},"4":{"start":{"line":69,"column":27},"end":{"line":72,"column":4}},"5":{"start":{"line":75,"column":2},"end":{"line":81,"column":null}},"6":{"start":{"line":85,"column":8},"end":{"line":85,"column":null}},"7":{"start":{"line":86,"column":36},"end":{"line":86,"column":null}},"8":{"start":{"line":87,"column":36},"end":{"line":87,"column":null}},"9":{"start":{"line":88,"column":28},"end":{"line":88,"column":null}},"10":{"start":{"line":89,"column":24},"end":{"line":89,"column":null}},"11":{"start":{"line":91,"column":8},"end":{"line":91,"column":null}},"12":{"start":{"line":92,"column":8},"end":{"line":92,"column":null}},"13":{"start":{"line":93,"column":8},"end":{"line":93,"column":null}},"14":{"start":{"line":94,"column":8},"end":{"line":94,"column":null}},"15":{"start":{"line":95,"column":8},"end":{"line":95,"column":null}},"16":{"start":{"line":96,"column":8},"end":{"line":96,"column":null}},"17":{"start":{"line":97,"column":8},"end":{"line":97,"column":null}},"18":{"start":{"line":98,"column":8},"end":{"line":98,"column":null}},"19":{"start":{"line":99,"column":8},"end":{"line":99,"column":null}},"20":{"start":{"line":100,"column":8},"end":{"line":100,"column":null}},"21":{"start":{"line":101,"column":8},"end":{"line":101,"column":null}},"22":{"start":{"line":102,"column":8},"end":{"line":102,"column":null}},"23":{"start":{"line":104,"column":2},"end":{"line":120,"column":null}},"24":{"start":{"line":105,"column":29},"end":{"line":117,"column":null}},"25":{"start":{"line":106,"column":6},"end":{"line":116,"column":null}},"26":{"start":{"line":109,"column":8},"end":{"line":109,"column":null}},"27":{"start":{"line":111,"column":8},"end":{"line":111,"column":null}},"28":{"start":{"line":112,"column":8},"end":{"line":112,"column":null}},"29":{"start":{"line":113,"column":8},"end":{"line":113,"column":null}},"30":{"start":{"line":115,"column":8},"end":{"line":115,"column":null}},"31":{"start":{"line":119,"column":4},"end":{"line":119,"column":null}},"32":{"start":{"line":122,"column":21},"end":{"line":122,"column":null}},"33":{"start":{"line":124,"column":2},"end":{"line":126,"column":null}},"34":{"start":{"line":125,"column":4},"end":{"line":125,"column":null}},"35":{"start":{"line":125,"column":29},"end":{"line":125,"column":55}},"36":{"start":{"line":128,"column":8},"end":{"line":131,"column":null}},"37":{"start":{"line":129,"column":10},"end":{"line":129,"column":null}},"38":{"start":{"line":130,"column":4},"end":{"line":130,"column":null}},"39":{"start":{"line":134,"column":4},"end":{"line":134,"column":null}},"40":{"start":{"line":135,"column":22},"end":{"line":135,"column":null}},"41":{"start":{"line":137,"column":2},"end":{"line":411,"column":null}},"42":{"start":{"line":153,"column":29},"end":{"line":153,"column":null}},"43":{"start":{"line":202,"column":20},"end":{"line":258,"column":null}},"44":{"start":{"line":310,"column":22},"end":{"line":355,"column":null}},"45":{"start":{"line":367,"column":43},"end":{"line":367,"column":null}},"46":{"start":{"line":380,"column":26},"end":{"line":389,"column":null}}},"fnMap":{"0":{"name":"(anonymous_0)","decl":{"start":{"line":68,"column":8},"end":{"line":68,"column":9}},"loc":{"start":{"line":68,"column":27},"end":{"line":68,"column":49}},"line":68},"1":{"name":"(anonymous_1)","decl":{"start":{"line":69,"column":7},"end":{"line":69,"column":8}},"loc":{"start":{"line":69,"column":27},"end":{"line":72,"column":4}},"line":69},"2":{"name":"meta","decl":{"start":{"line":74,"column":16},"end":{"line":74,"column":23}},"loc":{"start":{"line":74,"column":23},"end":{"line":82,"column":null}},"line":74},"3":{"name":"Leaderboards","decl":{"start":{"line":84,"column":24},"end":{"line":84,"column":39}},"loc":{"start":{"line":84,"column":39},"end":{"line":413,"column":null}},"line":84},"4":{"name":"(anonymous_4)","decl":{"start":{"line":104,"column":12},"end":{"line":104,"column":18}},"loc":{"start":{"line":104,"column":18},"end":{"line":120,"column":5}},"line":104},"5":{"name":"(anonymous_5)","decl":{"start":{"line":105,"column":29},"end":{"line":105,"column":41}},"loc":{"start":{"line":105,"column":41},"end":{"line":117,"column":null}},"line":105},"6":{"name":"(anonymous_6)","decl":{"start":{"line":124,"column":12},"end":{"line":124,"column":18}},"loc":{"start":{"line":124,"column":18},"end":{"line":126,"column":5}},"line":124},"7":{"name":"(anonymous_7)","decl":{"start":{"line":125,"column":19},"end":{"line":125,"column":20}},"loc":{"start":{"line":125,"column":29},"end":{"line":125,"column":55}},"line":125},"8":{"name":"(anonymous_8)","decl":{"start":{"line":128,"column":39},"end":{"line":128,"column":45}},"loc":{"start":{"line":128,"column":45},"end":{"line":131,"column":5}},"line":128},"9":{"name":"(anonymous_9)","decl":{"start":{"line":153,"column":23},"end":{"line":153,"column":29}},"loc":{"start":{"line":153,"column":29},"end":{"line":153,"column":null}},"line":153},"10":{"name":"(anonymous_10)","decl":{"start":{"line":201,"column":44},"end":{"line":201,"column":45}},"loc":{"start":{"line":202,"column":20},"end":{"line":258,"column":null}},"line":202},"11":{"name":"(anonymous_11)","decl":{"start":{"line":309,"column":46},"end":{"line":309,"column":47}},"loc":{"start":{"line":310,"column":22},"end":{"line":355,"column":null}},"line":310},"12":{"name":"(anonymous_12)","decl":{"start":{"line":367,"column":30},"end":{"line":367,"column":31}},"loc":{"start":{"line":367,"column":43},"end":{"line":367,"column":null}},"line":367},"13":{"name":"(anonymous_13)","decl":{"start":{"line":379,"column":32},"end":{"line":379,"column":33}},"loc":{"start":{"line":380,"column":26},"end":{"line":389,"column":null}},"line":380}},"branchMap":{"0":{"loc":{"start":{"line":134,"column":4},"end":{"line":134,"column":null}},"type":"cond-expr","locations":[{"start":{"line":134,"column":31},"end":{"line":134,"column":36}},{"start":{"line":134,"column":31},"end":{"line":134,"column":null}}],"line":134},"1":{"loc":{"start":{"line":159,"column":11},"end":{"line":169,"column":null}},"type":"binary-expr","locations":[{"start":{"line":159,"column":11},"end":{"line":159,"column":null}},{"start":{"line":160,"column":12},"end":{"line":169,"column":null}}],"line":159},"2":{"loc":{"start":{"line":185,"column":11},"end":{"line":407,"column":null}},"type":"cond-expr","locations":[{"start":{"line":186,"column":12},"end":{"line":188,"column":null}},{"start":{"line":190,"column":12},"end":{"line":407,"column":null}}],"line":185},"3":{"loc":{"start":{"line":207,"column":26},"end":{"line":207,"column":null}},"type":"cond-expr","locations":[{"start":{"line":207,"column":44},"end":{"line":207,"column":55}},{"start":{"line":207,"column":55},"end":{"line":207,"column":null}}],"line":207},"4":{"loc":{"start":{"line":325,"column":30},"end":{"line":331,"column":null}},"type":"cond-expr","locations":[{"start":{"line":326,"column":34},"end":{"line":326,"column":null}},{"start":{"line":327,"column":34},"end":{"line":331,"column":null}}],"line":325},"5":{"loc":{"start":{"line":327,"column":34},"end":{"line":331,"column":null}},"type":"cond-expr","locations":[{"start":{"line":328,"column":36},"end":{"line":328,"column":null}},{"start":{"line":329,"column":36},"end":{"line":331,"column":null}}],"line":327},"6":{"loc":{"start":{"line":329,"column":36},"end":{"line":331,"column":null}},"type":"cond-expr","locations":[{"start":{"line":330,"column":38},"end":{"line":330,"column":null}},{"start":{"line":331,"column":38},"end":{"line":331,"column":null}}],"line":329},"7":{"loc":{"start":{"line":333,"column":35},"end":{"line":333,"column":null}},"type":"cond-expr","locations":[{"start":{"line":333,"column":53},"end":{"line":333,"column":67}},{"start":{"line":333,"column":67},"end":{"line":333,"column":null}}],"line":333},"8":{"loc":{"start":{"line":340,"column":38},"end":{"line":340,"column":null}},"type":"cond-expr","locations":[{"start":{"line":340,"column":56},"end":{"line":340,"column":65}},{"start":{"line":340,"column":65},"end":{"line":340,"column":null}}],"line":340},"9":{"loc":{"start":{"line":385,"column":30},"end":{"line":385,"column":null}},"type":"cond-expr","locations":[{"start":{"line":385,"column":59},"end":{"line":385,"column":69}},{"start":{"line":385,"column":69},"end":{"line":385,"column":null}}],"line":385}},"s":{"0":1,"1":1,"2":1,"3":29,"4":30,"5":1,"6":4,"7":4,"8":4,"9":4,"10":4,"11":4,"12":4,"13":4,"14":4,"15":4,"16":4,"17":4,"18":4,"19":4,"20":4,"21":4,"22":4,"23":4,"24":1,"25":1,"26":1,"27":0,"28":0,"29":0,"30":1,"31":1,"32":4,"33":4,"34":2,"35":2,"36":4,"37":3,"38":3,"39":4,"40":4,"41":4,"42":0,"43":30,"44":30,"45":1,"46":6},"f":{"0":29,"1":30,"2":1,"3":4,"4":1,"5":1,"6":2,"7":2,"8":3,"9":0,"10":30,"11":30,"12":1,"13":6},"b":{"0":[1,3],"1":[4,0],"2":[1,3],"3":[6,24],"4":[2,28],"5":[2,26],"6":[2,24],"7":[6,24],"8":[6,24],"9":[2,4]},"meta":{"lastBranch":10,"lastFunction":14,"lastStatement":47,"seen":{"s:32:18:32:Infinity":0,"s:34:42:65:Infinity":1,"s:67:47:72:Infinity":2,"f:68:8:68:9":0,"s:68:27:68:49":3,"f:69:7:69:8":1,"s:69:27:72:4":4,"f:74:16:74:23":2,"s:75:2:81:Infinity":5,"f:84:24:84:39":3,"s:85:8:85:Infinity":6,"s:86:36:86:Infinity":7,"s:87:36:87:Infinity":8,"s:88:28:88:Infinity":9,"s:89:24:89:Infinity":10,"s:91:8:91:Infinity":11,"s:92:8:92:Infinity":12,"s:93:8:93:Infinity":13,"s:94:8:94:Infinity":14,"s:95:8:95:Infinity":15,"s:96:8:96:Infinity":16,"s:97:8:97:Infinity":17,"s:98:8:98:Infinity":18,"s:99:8:99:Infinity":19,"s:100:8:100:Infinity":20,"s:101:8:101:Infinity":21,"s:102:8:102:Infinity":22,"s:104:2:120:Infinity":23,"f:104:12:104:18":4,"s:105:29:117:Infinity":24,"f:105:29:105:41":5,"s:106:6:116:Infinity":25,"s:109:8:109:Infinity":26,"s:111:8:111:Infinity":27,"s:112:8:112:Infinity":28,"s:113:8:113:Infinity":29,"s:115:8:115:Infinity":30,"s:119:4:119:Infinity":31,"s:122:21:122:Infinity":32,"s:124:2:126:Infinity":33,"f:124:12:124:18":6,"s:125:4:125:Infinity":34,"f:125:19:125:20":7,"s:125:29:125:55":35,"s:128:8:131:Infinity":36,"f:128:39:128:45":8,"s:129:10:129:Infinity":37,"s:130:4:130:Infinity":38,"s:134:4:134:Infinity":39,"b:134:31:134:36:134:31:134:Infinity":0,"s:135:22:135:Infinity":40,"s:137:2:411:Infinity":41,"f:153:23:153:29":9,"s:153:29:153:Infinity":42,"b:159:11:159:Infinity:160:12:169:Infinity":1,"b:186:12:188:Infinity:190:12:407:Infinity":2,"f:201:44:201:45":10,"s:202:20:258:Infinity":43,"b:207:44:207:55:207:55:207:Infinity":3,"f:309:46:309:47":11,"s:310:22:355:Infinity":44,"b:326:34:326:Infinity:327:34:331:Infinity":4,"b:328:36:328:Infinity:329:36:331:Infinity":5,"b:330:38:330:Infinity:331:38:331:Infinity":6,"b:333:53:333:67:333:67:333:Infinity":7,"b:340:56:340:65:340:65:340:Infinity":8,"f:367:30:367:31":12,"s:367:43:367:Infinity":45,"f:379:32:379:33":13,"s:380:26:389:Infinity":46,"b:385:59:385:69:385:69:385:Infinity":9}}}
,"D:\\1-Univerzita\\4-Čtvrtý\\QuizApp\\frontend\\app\\routes\\MainMenu.tsx": {"path":"D:\\1-Univerzita\\4-Čtvrtý\\QuizApp\\frontend\\app\\routes\\MainMenu.tsx","statementMap":{"0":{"start":{"line":8,"column":2},"end":{"line":11,"column":null}},"1":{"start":{"line":15,"column":2},"end":{"line":25,"column":null}}},"fnMap":{"0":{"name":"meta","decl":{"start":{"line":7,"column":16},"end":{"line":7,"column":21}},"loc":{"start":{"line":7,"column":41},"end":{"line":12,"column":null}},"line":7},"1":{"name":"MainMenu","decl":{"start":{"line":14,"column":24},"end":{"line":14,"column":35}},"loc":{"start":{"line":14,"column":35},"end":{"line":27,"column":null}},"line":14}},"branchMap":{},"s":{"0":1,"1":1},"f":{"0":1,"1":1},"b":{},"meta":{"lastBranch":0,"lastFunction":2,"lastStatement":2,"seen":{"f:7:16:7:21":0,"s:8:2:11:Infinity":0,"f:14:24:14:35":1,"s:15:2:25:Infinity":1}}}
,"D:\\1-Univerzita\\4-Čtvrtý\\QuizApp\\frontend\\app\\routes\\PyramidGameMenu.tsx": {"path":"D:\\1-Univerzita\\4-Čtvrtý\\QuizApp\\frontend\\app\\routes\\PyramidGameMenu.tsx","statementMap":{"0":{"start":{"line":7,"column":2},"end":{"line":10,"column":null}},"1":{"start":{"line":14,"column":8},"end":{"line":14,"column":null}},"2":{"start":{"line":15,"column":2},"end":{"line":49,"column":null}},"3":{"start":{"line":22,"column":23},"end":{"line":22,"column":null}}},"fnMap":{"0":{"name":"meta","decl":{"start":{"line":6,"column":16},"end":{"line":6,"column":21}},"loc":{"start":{"line":6,"column":41},"end":{"line":11,"column":null}},"line":6},"1":{"name":"PyramidGameMenu","decl":{"start":{"line":13,"column":24},"end":{"line":13,"column":42}},"loc":{"start":{"line":13,"column":42},"end":{"line":51,"column":null}},"line":13},"2":{"name":"(anonymous_2)","decl":{"start":{"line":22,"column":17},"end":{"line":22,"column":23}},"loc":{"start":{"line":22,"column":23},"end":{"line":22,"column":null}},"line":22}},"branchMap":{},"s":{"0":1,"1":1,"2":1,"3":1},"f":{"0":1,"1":1,"2":1},"b":{},"meta":{"lastBranch":0,"lastFunction":3,"lastStatement":4,"seen":{"f:6:16:6:21":0,"s:7:2:10:Infinity":0,"f:13:24:13:42":1,"s:14:8:14:Infinity":1,"s:15:2:49:Infinity":2,"f:22:17:22:23":2,"s:22:23:22:Infinity":3}}}
,"D:\\1-Univerzita\\4-Čtvrtý\\QuizApp\\frontend\\components\\Footer.tsx": {"path":"D:\\1-Univerzita\\4-Čtvrtý\\QuizApp\\frontend\\components\\Footer.tsx","statementMap":{"0":{"start":{"line":8,"column":13},"end":{"line":14,"column":null}},"1":{"start":{"line":9,"column":2},"end":{"line":12,"column":null}}},"fnMap":{"0":{"name":"(anonymous_0)","decl":{"start":{"line":8,"column":38},"end":{"line":8,"column":39}},"loc":{"start":{"line":8,"column":49},"end":{"line":14,"column":1}},"line":8}},"branchMap":{},"s":{"0":1,"1":1},"f":{"0":1},"b":{},"meta":{"lastBranch":0,"lastFunction":1,"lastStatement":2,"seen":{"s:8:13:14:Infinity":0,"f:8:38:8:39":0,"s:9:2:12:Infinity":1}}}
,"D:\\1-Univerzita\\4-Čtvrtý\\QuizApp\\frontend\\components\\GameModeCard.tsx": {"path":"D:\\1-Univerzita\\4-Čtvrtý\\QuizApp\\frontend\\components\\GameModeCard.tsx","statementMap":{"0":{"start":{"line":15,"column":39},"end":{"line":83,"column":null}},"1":{"start":{"line":21,"column":8},"end":{"line":21,"column":null}},"2":{"start":{"line":22,"column":8},"end":{"line":22,"column":null}},"3":{"start":{"line":23,"column":2},"end":{"line":81,"column":null}},"4":{"start":{"line":25,"column":21},"end":{"line":25,"column":null}}},"fnMap":{"0":{"name":"(anonymous_0)","decl":{"start":{"line":15,"column":39},"end":{"line":15,"column":40}},"loc":{"start":{"line":20,"column":6},"end":{"line":83,"column":null}},"line":20},"1":{"name":"(anonymous_1)","decl":{"start":{"line":25,"column":15},"end":{"line":25,"column":21}},"loc":{"start":{"line":25,"column":21},"end":{"line":25,"column":null}},"line":25}},"branchMap":{},"s":{"0":1,"1":2,"2":2,"3":2,"4":1},"f":{"0":2,"1":1},"b":{},"meta":{"lastBranch":0,"lastFunction":2,"lastStatement":5,"seen":{"s:15:39:83:Infinity":0,"f:15:39:15:40":0,"s:21:8:21:Infinity":1,"s:22:8:22:Infinity":2,"s:23:2:81:Infinity":3,"f:25:15:25:21":1,"s:25:21:25:Infinity":4}}}
,"D:\\1-Univerzita\\4-Čtvrtý\\QuizApp\\frontend\\components\\Header.tsx": {"path":"D:\\1-Univerzita\\4-Čtvrtý\\QuizApp\\frontend\\components\\Header.tsx","statementMap":{"0":{"start":{"line":13,"column":33},"end":{"line":66,"column":null}},"1":{"start":{"line":14,"column":8},"end":{"line":14,"column":null}},"2":{"start":{"line":15,"column":32},"end":{"line":15,"column":null}},"3":{"start":{"line":16,"column":38},"end":{"line":16,"column":null}},"4":{"start":{"line":17,"column":23},"end":{"line":17,"column":null}},"5":{"start":{"line":18,"column":2},"end":{"line":64,"column":null}},"6":{"start":{"line":43,"column":27},"end":{"line":43,"column":null}},"7":{"start":{"line":54,"column":31},"end":{"line":54,"column":null}}},"fnMap":{"0":{"name":"(anonymous_0)","decl":{"start":{"line":13,"column":33},"end":{"line":13,"column":34}},"loc":{"start":{"line":13,"column":44},"end":{"line":66,"column":null}},"line":13},"1":{"name":"(anonymous_1)","decl":{"start":{"line":43,"column":21},"end":{"line":43,"column":27}},"loc":{"start":{"line":43,"column":27},"end":{"line":43,"column":null}},"line":43},"2":{"name":"(anonymous_2)","decl":{"start":{"line":54,"column":25},"end":{"line":54,"column":31}},"loc":{"start":{"line":54,"column":31},"end":{"line":54,"column":null}},"line":54}},"branchMap":{"0":{"loc":{"start":{"line":47,"column":11},"end":{"line":60,"column":null}},"type":"cond-expr","locations":[{"start":{"line":48,"column":12},"end":{"line":58,"column":null}},{"start":{"line":60,"column":12},"end":{"line":60,"column":null}}],"line":47}},"s":{"0":1,"1":3,"2":3,"3":3,"4":3,"5":3,"6":1,"7":1},"f":{"0":3,"1":1,"2":1},"b":{"0":[1,2]},"meta":{"lastBranch":1,"lastFunction":3,"lastStatement":8,"seen":{"s:13:33:66:Infinity":0,"f:13:33:13:34":0,"s:14:8:14:Infinity":1,"s:15:32:15:Infinity":2,"s:16:38:16:Infinity":3,"s:17:23:17:Infinity":4,"s:18:2:64:Infinity":5,"f:43:21:43:27":1,"s:43:27:43:Infinity":6,"b:48:12:58:Infinity:60:12:60:Infinity":0,"f:54:25:54:31":2,"s:54:31:54:Infinity":7}}}
}
