TN:
SF:api\api.ts
FN:135,(anonymous_0)
FN:156,(anonymous_1)
FN:169,(anonymous_2)
FN:175,(anonymous_3)
FN:188,(anonymous_4)
FN:194,(anonymous_5)
FN:210,(anonymous_6)
FN:228,(anonymous_7)
FN:240,(anonymous_8)
FN:252,(anonymous_9)
FN:258,(anonymous_10)
FN:275,(anonymous_11)
FN:291,(anonymous_12)
FN:306,(anonymous_13)
FN:324,(anonymous_14)
FN:342,(anonymous_15)
FN:359,(anonymous_16)
FN:377,(anonymous_17)
FNF:18
FNH:15
FNDA:0,(anonymous_0)
FNDA:1,(anonymous_1)
FNDA:0,(anonymous_2)
FNDA:1,(anonymous_3)
FNDA:0,(anonymous_4)
FNDA:1,(anonymous_5)
FNDA:3,(anonymous_6)
FNDA:2,(anonymous_7)
FNDA:1,(anonymous_8)
FNDA:7,(anonymous_9)
FNDA:1,(anonymous_10)
FNDA:1,(anonymous_11)
FNDA:1,(anonymous_12)
FNDA:1,(anonymous_13)
FNDA:1,(anonymous_14)
FNDA:1,(anonymous_15)
FNDA:1,(anonymous_16)
FNDA:1,(anonymous_17)
DA:6,1
DA:135,1
DA:139,0
DA:140,0
DA:142,0
DA:143,0
DA:146,0
DA:147,0
DA:150,0
DA:153,0
DA:156,1
DA:157,1
DA:158,1
DA:170,0
DA:171,0
DA:175,1
DA:176,1
DA:177,1
DA:189,0
DA:190,0
DA:194,1
DA:197,1
DA:198,1
DA:203,1
DA:205,0
DA:206,0
DA:210,1
DA:213,3
DA:214,3
DA:219,3
DA:221,0
DA:222,0
DA:226,1
DA:228,1
DA:231,2
DA:232,2
DA:233,2
DA:235,0
DA:236,0
DA:240,1
DA:241,1
DA:242,1
DA:243,1
DA:245,0
DA:246,0
DA:252,7
DA:258,1
DA:262,1
DA:263,1
DA:268,1
DA:270,0
DA:271,0
DA:275,1
DA:278,1
DA:279,1
DA:284,1
DA:286,0
DA:287,0
DA:291,1
DA:294,1
DA:295,1
DA:299,1
DA:301,0
DA:302,0
DA:306,1
DA:310,1
DA:311,1
DA:315,1
DA:317,0
DA:318,0
DA:320,0
DA:324,1
DA:329,1
DA:330,1
DA:335,1
DA:337,0
DA:338,0
DA:342,1
DA:346,1
DA:347,1
DA:352,1
DA:354,0
DA:355,0
DA:359,1
DA:364,1
DA:365,1
DA:370,1
DA:372,0
DA:373,0
DA:377,1
DA:381,1
DA:382,1
DA:383,1
LF:93
LH:58
BRDA:139,0,0,0
BRDA:139,0,1,0
BRDA:142,1,0,0
BRDA:142,1,1,0
BRDA:142,2,0,0
BRDA:142,2,1,0
BRDA:146,3,0,0
BRDA:146,3,1,0
BRDA:146,4,0,0
BRDA:146,4,1,0
BRDA:211,5,0,3
BRDA:260,6,0,1
BRDA:317,7,0,0
BRDA:317,7,1,0
BRDA:317,8,0,0
BRDA:317,8,1,0
BRDA:381,9,0,0
BRDA:381,9,1,1
BRF:18
BRH:3
end_of_record
TN:
SF:app\game\pyramidRules.ts
FN:8,otherPlayer
FN:12,createBoard
FN:13,(anonymous_2)
FN:14,(anonymous_3)
FN:27,isClaimed
FN:31,isOnSide
FN:47,getNeighbors
FN:58,touchesAllSides
FN:118,hasPotentialThreeSideConnection
FN:181,questionTypeForTile
FNF:10
FNH:10
FNDA:3,otherPlayer
FNDA:4,createBoard
FNDA:28,(anonymous_2)
FNDA:112,(anonymous_3)
FNDA:1,isClaimed
FNDA:19,isOnSide
FNDA:12,getNeighbors
FNDA:3,touchesAllSides
FNDA:2,hasPotentialThreeSideConnection
FNDA:1,questionTypeForTile
DA:9,3
DA:13,4
DA:14,28
DA:15,112
DA:16,112
DA:28,1
DA:36,19
DA:37,7
DA:40,12
DA:41,3
DA:44,9
DA:48,12
DA:59,3
DA:61,3
DA:62,21
DA:63,78
DA:64,78
DA:66,78
DA:67,76
DA:70,2
DA:71,2
DA:72,2
DA:73,2
DA:75,2
DA:76,11
DA:77,11
DA:79,11
DA:80,1
DA:83,10
DA:84,11
DA:85,0
DA:88,10
DA:90,10
DA:91,11
DA:93,11
DA:96,11
DA:97,1
DA:100,9
DA:101,54
DA:102,54
DA:103,37
DA:106,17
DA:107,17
DA:108,9
DA:115,2
DA:122,2
DA:123,2
DA:125,2
DA:126,14
DA:127,56
DA:128,56
DA:130,56
DA:131,55
DA:134,1
DA:135,1
DA:136,1
DA:137,1
DA:139,1
DA:140,4
DA:141,4
DA:143,4
DA:144,1
DA:147,3
DA:148,4
DA:149,0
DA:152,3
DA:153,3
DA:154,4
DA:156,4
DA:159,4
DA:160,0
DA:163,3
DA:164,18
DA:165,18
DA:166,12
DA:169,6
DA:170,6
DA:171,3
DA:178,2
DA:182,1
LF:80
LH:77
BRDA:9,0,0,3
BRDA:9,0,1,0
BRDA:28,1,0,1
BRDA:28,1,1,0
BRDA:36,2,0,7
BRDA:36,2,1,12
BRDA:40,3,0,3
BRDA:40,3,1,9
BRDA:66,4,0,76
BRDA:66,4,1,2
BRDA:66,5,0,78
BRDA:66,5,1,4
BRDA:79,6,0,1
BRDA:79,6,1,10
BRDA:84,7,0,0
BRDA:84,7,1,11
BRDA:84,8,0,11
BRDA:84,8,1,10
BRDA:90,9,0,10
BRDA:90,9,1,2
BRDA:92,10,0,11
BRDA:92,10,1,8
BRDA:94,11,0,11
BRDA:94,11,1,4
BRDA:96,12,0,1
BRDA:96,12,1,10
BRDA:96,13,0,11
BRDA:96,13,1,10
BRDA:96,13,2,4
BRDA:102,14,0,37
BRDA:102,14,1,17
BRDA:102,15,0,54
BRDA:102,15,1,32
BRDA:107,16,0,9
BRDA:107,16,1,8
BRDA:130,17,0,55
BRDA:130,17,1,1
BRDA:130,18,0,56
BRDA:130,18,1,3
BRDA:143,19,0,1
BRDA:143,19,1,3
BRDA:148,20,0,0
BRDA:148,20,1,4
BRDA:148,21,0,4
BRDA:148,21,1,3
BRDA:153,22,0,3
BRDA:153,22,1,1
BRDA:155,23,0,4
BRDA:155,23,1,1
BRDA:157,24,0,4
BRDA:157,24,1,3
BRDA:159,25,0,0
BRDA:159,25,1,4
BRDA:159,26,0,4
BRDA:159,26,1,3
BRDA:159,26,2,3
BRDA:165,27,0,12
BRDA:165,27,1,6
BRDA:165,28,0,18
BRDA:165,28,1,10
BRDA:170,29,0,3
BRDA:170,29,1,3
BRDA:182,30,0,1
BRDA:182,30,1,0
BRF:64
BRH:58
end_of_record
TN:
SF:app\game\pyramidRulesMultiplayer.ts
FN:8,otherPlayer
FN:12,createBoard
FN:13,(anonymous_2)
FN:14,(anonymous_3)
FN:27,isClaimed
FN:31,isOnSide
FN:47,getNeighbors
FN:58,touchesAllSides
FN:118,hasPotentialThreeSideConnection
FN:181,questionTypeForTile
FNF:10
FNH:9
FNDA:3,otherPlayer
FNDA:4,createBoard
FNDA:32,(anonymous_2)
FNDA:144,(anonymous_3)
FNDA:0,isClaimed
FNDA:20,isOnSide
FNDA:13,getNeighbors
FNDA:2,touchesAllSides
FNDA:2,hasPotentialThreeSideConnection
FNDA:1,questionTypeForTile
DA:9,3
DA:13,4
DA:14,32
DA:15,144
DA:16,144
DA:28,0
DA:36,20
DA:37,7
DA:40,13
DA:41,3
DA:44,10
DA:48,13
DA:59,2
DA:61,2
DA:62,16
DA:63,65
DA:64,65
DA:66,65
DA:67,63
DA:70,2
DA:71,2
DA:72,2
DA:73,2
DA:75,2
DA:76,12
DA:77,12
DA:79,12
DA:80,1
DA:83,11
DA:84,12
DA:85,0
DA:88,11
DA:90,11
DA:91,12
DA:93,12
DA:96,12
DA:97,1
DA:100,10
DA:101,60
DA:102,60
DA:103,41
DA:106,19
DA:107,19
DA:108,10
DA:115,1
DA:122,2
DA:123,2
DA:125,2
DA:126,16
DA:127,72
DA:128,72
DA:130,72
DA:131,71
DA:134,1
DA:135,1
DA:136,1
DA:137,1
DA:139,1
DA:140,4
DA:141,4
DA:143,4
DA:144,1
DA:147,3
DA:148,4
DA:149,0
DA:152,3
DA:153,3
DA:154,4
DA:156,4
DA:159,4
DA:160,0
DA:163,3
DA:164,18
DA:165,18
DA:166,12
DA:169,6
DA:170,6
DA:171,3
DA:178,2
DA:182,1
LF:80
LH:76
BRDA:9,0,0,0
BRDA:9,0,1,3
BRDA:28,1,0,0
BRDA:28,1,1,0
BRDA:36,2,0,7
BRDA:36,2,1,13
BRDA:40,3,0,3
BRDA:40,3,1,10
BRDA:66,4,0,63
BRDA:66,4,1,2
BRDA:66,5,0,65
BRDA:66,5,1,4
BRDA:79,6,0,1
BRDA:79,6,1,11
BRDA:84,7,0,0
BRDA:84,7,1,12
BRDA:84,8,0,12
BRDA:84,8,1,11
BRDA:90,9,0,11
BRDA:90,9,1,2
BRDA:92,10,0,12
BRDA:92,10,1,9
BRDA:94,11,0,12
BRDA:94,11,1,4
BRDA:96,12,0,1
BRDA:96,12,1,11
BRDA:96,13,0,12
BRDA:96,13,1,11
BRDA:96,13,2,4
BRDA:102,14,0,41
BRDA:102,14,1,19
BRDA:102,15,0,60
BRDA:102,15,1,36
BRDA:107,16,0,10
BRDA:107,16,1,9
BRDA:130,17,0,71
BRDA:130,17,1,1
BRDA:130,18,0,72
BRDA:130,18,1,3
BRDA:143,19,0,1
BRDA:143,19,1,3
BRDA:148,20,0,0
BRDA:148,20,1,4
BRDA:148,21,0,4
BRDA:148,21,1,3
BRDA:153,22,0,3
BRDA:153,22,1,1
BRDA:155,23,0,4
BRDA:155,23,1,1
BRDA:157,24,0,4
BRDA:157,24,1,3
BRDA:159,25,0,0
BRDA:159,25,1,4
BRDA:159,26,0,4
BRDA:159,26,1,3
BRDA:159,26,2,3
BRDA:165,27,0,12
BRDA:165,27,1,6
BRDA:165,28,0,18
BRDA:165,28,1,10
BRDA:170,29,0,3
BRDA:170,29,1,3
BRDA:182,30,0,1
BRDA:182,30,1,0
BRF:64
BRH:57
end_of_record
TN:
SF:app\game\pyramidTypes.ts
FNF:0
FNH:0
DA:16,1
DA:21,1
LF:2
LH:2
BRF:0
BRH:0
end_of_record
TN:
SF:app\game\pyramidTypesMultiplayer.ts
FNF:0
FNH:0
DA:15,1
DA:20,1
LF:2
LH:2
BRF:0
BRH:0
end_of_record
TN:
SF:app\routes\Leaderboards.tsx
FN:68,(anonymous_0)
FN:69,(anonymous_1)
FN:74,meta
FN:84,Leaderboards
FN:104,(anonymous_4)
FN:105,(anonymous_5)
FN:124,(anonymous_6)
FN:125,(anonymous_7)
FN:128,(anonymous_8)
FN:153,(anonymous_9)
FN:201,(anonymous_10)
FN:309,(anonymous_11)
FN:367,(anonymous_12)
FN:379,(anonymous_13)
FNF:14
FNH:13
FNDA:29,(anonymous_0)
FNDA:30,(anonymous_1)
FNDA:1,meta
FNDA:4,Leaderboards
FNDA:1,(anonymous_4)
FNDA:1,(anonymous_5)
FNDA:2,(anonymous_6)
FNDA:2,(anonymous_7)
FNDA:3,(anonymous_8)
FNDA:0,(anonymous_9)
FNDA:30,(anonymous_10)
FNDA:30,(anonymous_11)
FNDA:1,(anonymous_12)
FNDA:6,(anonymous_13)
DA:32,1
DA:34,1
DA:67,1
DA:68,29
DA:69,30
DA:75,1
DA:85,4
DA:86,4
DA:87,4
DA:88,4
DA:89,4
DA:91,4
DA:92,4
DA:93,4
DA:94,4
DA:95,4
DA:96,4
DA:97,4
DA:98,4
DA:99,4
DA:100,4
DA:101,4
DA:102,4
DA:104,4
DA:105,1
DA:106,1
DA:109,1
DA:111,0
DA:112,0
DA:113,0
DA:115,1
DA:119,1
DA:122,4
DA:124,4
DA:125,2
DA:128,4
DA:129,3
DA:130,3
DA:134,4
DA:135,4
DA:137,4
DA:153,0
DA:202,30
DA:310,30
DA:367,1
DA:380,6
LF:46
LH:42
BRDA:134,0,0,1
BRDA:134,0,1,3
BRDA:159,1,0,4
BRDA:159,1,1,0
BRDA:185,2,0,1
BRDA:185,2,1,3
BRDA:207,3,0,6
BRDA:207,3,1,24
BRDA:325,4,0,2
BRDA:325,4,1,28
BRDA:327,5,0,2
BRDA:327,5,1,26
BRDA:329,6,0,2
BRDA:329,6,1,24
BRDA:333,7,0,6
BRDA:333,7,1,24
BRDA:340,8,0,6
BRDA:340,8,1,24
BRDA:385,9,0,2
BRDA:385,9,1,4
BRF:20
BRH:19
end_of_record
TN:
SF:app\routes\MainMenu.tsx
FN:7,meta
FN:14,MainMenu
FNF:2
FNH:2
FNDA:1,meta
FNDA:1,MainMenu
DA:8,1
DA:15,1
LF:2
LH:2
BRF:0
BRH:0
end_of_record
TN:
SF:app\routes\PyramidGameMenu.tsx
FN:6,meta
FN:13,PyramidGameMenu
FN:22,(anonymous_2)
FNF:3
FNH:3
FNDA:1,meta
FNDA:1,PyramidGameMenu
FNDA:1,(anonymous_2)
DA:7,1
DA:14,1
DA:15,1
DA:22,1
LF:4
LH:4
BRF:0
BRH:0
end_of_record
TN:
SF:components\Footer.tsx
FN:8,(anonymous_0)
FNF:1
FNH:1
FNDA:1,(anonymous_0)
DA:8,1
DA:9,1
LF:2
LH:2
BRF:0
BRH:0
end_of_record
TN:
SF:components\GameModeCard.tsx
FN:15,(anonymous_0)
FN:25,(anonymous_1)
FNF:2
FNH:2
FNDA:2,(anonymous_0)
FNDA:1,(anonymous_1)
DA:15,1
DA:21,2
DA:22,2
DA:23,2
DA:25,1
LF:5
LH:5
BRF:0
BRH:0
end_of_record
TN:
SF:components\Header.tsx
FN:13,(anonymous_0)
FN:43,(anonymous_1)
FN:54,(anonymous_2)
FNF:3
FNH:3
FNDA:3,(anonymous_0)
FNDA:1,(anonymous_1)
FNDA:1,(anonymous_2)
DA:13,1
DA:14,3
DA:15,3
DA:16,3
DA:17,3
DA:18,3
DA:43,1
DA:54,1
LF:8
LH:8
BRDA:47,0,0,1
BRDA:47,0,1,2
BRF:2
BRH:2
end_of_record
